INFO main utilities.FileReader - 本次读取文件获得的最后时间 Thu Apr 10 10:10:45 CST 2014
         INFO main log.Logfactory - 读取文件  /home/dash/yunqiao/tmp/2014-04-10.stat
         INFO main log.Logfactory - 上次读取时间Thu Apr 10 10:10:45 CST 2014
         INFO main utilities.FileReader - 本次读取文件获得的最后时间 Thu Apr 10 10:10:45 CST 2014
         INFO main log.Logfactory - 读取文件  /home/dash/yunqiao/tmp/2014-04-10.stat
         INFO main log.Logfactory - 上次读取时间Thu Apr 10 10:10:45 CST 2014
         INFO main utilities.FileReader - 本次读取文件获得的最后时间 Thu Apr 10 10:10:45 CST 2014
         INFO main log.Logfactory - 读取文件  /home/dash/yunqiao/tmp/2014-04-10.stat
         INFO main log.Logfactory - 上次读取时间Thu Apr 10 10:10:45 CST 2014
         INFO main utilities.FileReader - 本次读取文件获得的最后时间 Thu Apr 10 10:10:45 CST 2014
         INFO main log.Logfactory - 读取文件  /home/dash/yunqiao/tmp/2014-04-10.stat
         INFO main log.Logfactory - 上次读取时间Thu Apr 10 10:10:45 CST 2014
         INFO main utilities.FileReader - 本次读取文件获得的最后时间 Thu Apr 10 10:10:45 CST 2014
         INFO main log.Logfactory - 读取文件  /home/dash/yunqiao/tmp/2014-04-10.stat
         INFO main log.Logfactory - 上次读取时间Thu Apr 10 10:10:45 CST 2014
         INFO main utilities.FileReader - 本次读取文件获得的最后时间 Thu Apr 10 10:10:45 CST 2014
         INFO main log.Logfactory - 读取文件  /home/dash/yunqiao/tmp/2014-04-10.stat
         INFO main log.Logfactory - 上次读取时间Thu Apr 10 10:10:45 CST 2014
         INFO main utilities.FileReader - 本次读取文件获得的最后时间 Thu Apr 10 10:10:45 CST 2014
         INFO main log.Logfactory - 读取文件  /home/dash/yunqiao/tmp/2014-04-10.stat
         INFO main log.Logfactory - 上次读取时间Thu Apr 10 10:10:45 CST 2014
         INFO main utilities.FileReader - 本次读取文件获得的最后时间 Thu Apr 10 10:10:45 CST 2014
         INFO main log.Logfactory - 读取文件  /home/dash/yunqiao/tmp/2014-04-10.stat
         INFO main log.Logfactory - 上次读取时间Thu Apr 10 10:10:45 CST 2014
         INFO main utilities.FileReader - 本次读取文件获得的最后时间 Thu Apr 10 10:10:45 CST 2014
         INFO main log.Logfactory - 读取文件  /home/dash/yunqiao/tmp/2014-04-10.stat
         INFO main log.Logfactory - 上次读取时间Thu Apr 10 10:10:45 CST 2014
         INFO main utilities.FileReader - 本次读取文件获得的最后时间 Thu Apr 10 10:10:45 CST 2014
         INFO main log.Logfactory - 读取文件  /home/dash/yunqiao/tmp/2014-04-10.stat
         INFO main log.Logfactory - 上次读取时间Thu Apr 10 10:10:45 CST 2014
         INFO main utilities.FileReader - 本次读取文件获得的最后时间 Thu Apr 10 10:10:45 CST 2014
         INFO main log.Logfactory - 读取文件  /home/dash/yunqiao/tmp/2014-04-10.stat
         INFO main log.Logfactory - 上次读取时间Thu Apr 10 10:10:45 CST 2014
         INFO main utilities.FileReader - 本次读取文件获得的最后时间 Thu Apr 10 10:10:45 CST 2014
         INFO main log.Logfactory - 读取文件  /home/dash/yunqiao/tmp/2014-04-10.stat
         INFO main log.Logfactory - 上次读取时间Thu Apr 10 10:10:45 CST 2014
         INFO main utilities.FileReader - 本次读取文件获得的最后时间 Thu Apr 10 10:10:45 CST 2014
         INFO main log.Logfactory - 读取文件  /home/dash/yunqiao/tmp/2014-04-10.stat
         INFO main log.Logfactory - 上次读取时间Thu Apr 10 10:10:45 CST 2014
         INFO main utilities.FileReader - 本次读取文件获得的最后时间 Thu Apr 10 10:10:45 CST 2014
         INFO main log.Logfactory - 读取文件  /home/dash/yunqiao/tmp/2014-04-10.stat
         INFO main log.Logfactory - 上次读取时间Thu Apr 10 10:10:45 CST 2014
         INFO main utilities.FileReader - 本次读取文件获得的最后时间 Thu Apr 10 10:10:45 CST 2014
         INFO main log.Logfactory - 读取文件  /home/dash/yunqiao/tmp/2014-04-10.stat
         INFO main log.Logfactory - 上次读取时间Thu Apr 10 10:10:45 CST 2014
         INFO main utilities.FileReader - 本次读取文件获得的最后时间 Thu Apr 10 10:10:45 CST 2014
         INFO main log.Logfactory - 读取文件  /home/dash/yunqiao/tmp/2014-04-10.stat
         INFO main log.Logfactory - 上次读取时间Thu Apr 10 10:10:45 CST 2014
         INFO main utilities.FileReader - 本次读取文件获得的最后时间 Thu Apr 10 10:10:45 CST 2014
         INFO main log.Logfactory - 读取文件  /home/dash/yunqiao/tmp/2014-04-10.stat
         INFO main log.Logfactory - 上次读取时间Thu Apr 10 10:10:45 CST 2014
         INFO main utilities.FileReader - 本次读取文件获得的最后时间 Thu Apr 10 10:10:45 CST 2014
         INFO main log.Logfactory - 读取文件  /home/dash/yunqiao/tmp/2014-04-10.stat
         INFO main log.Logfactory - 上次读取时间Thu Apr 10 10:10:45 CST 2014
         INFO main utilities.FileReader - 本次读取文件获得的最后时间 Thu Apr 10 10:10:45 CST 2014
         INFO main log.Logfactory - 当前日期 2014-04-10
         INFO main log.Logfactory - 读取文件  /home/dash/yunqiao/tmp/2014-04-10.stat
         INFO main log.Logfactory - 上次读取时间Thu Apr 10 00:00:00 CST 2014
         INFO main utilities.FileReader - 0 : 2014-04-10 10:10:45@dash-Aspire-4741,none,5.38,1974428,1578196,0,2,0,0
         INFO main utilities.FileReader - 1 : 2014-04-10 10:10:40@dash-Aspire-4741,none,5.91,1974428,1578092,0,0,0,0
         INFO main utilities.FileReader - 2 : 2014-04-10 10:10:35@dash-Aspire-4741,none,6.13,1974428,1577772,0,0,0,0
         INFO main utilities.FileReader - 3 : 2014-04-10 10:10:30@dash-Aspire-4741,none,5.11,1974428,1600916,0,0,0,0
         INFO main utilities.FileReader - 4 : 2014-04-10 10:10:25@dash-Aspire-4741,none,7.01,1974428,1602084,0,0,0,0
         INFO main utilities.FileReader - 5 : 2014-04-10 10:10:20@dash-Aspire-4741,none,5.29,1974428,1599216,0,0,0,0
         INFO main utilities.FileReader - 6 : 2014-04-10 10:10:15@dash-Aspire-4741,none,6.15,1974428,1599060,0,0,0,0
         INFO main utilities.FileReader - 7 : 2014-04-10 10:10:10@dash-Aspire-4741,none,4.84,1974428,1596644,0,0,0,0
         INFO main utilities.FileReader - 8 : 2014-04-10 10:10:05@dash-Aspire-4741,none,3.26,1974428,1613596,0,0,0,0
         INFO main utilities.FileReader - 9 : 2014-04-10 10:10:00@dash-Aspire-4741,none,2.94,1974428,1611476,0,0,0,0
         INFO main utilities.FileReader - 10 : 2014-04-10 10:09:55@dash-Aspire-4741,none,4.31,1974428,1608880,0,0,0,0
         INFO main utilities.FileReader - 11 : 2014-04-10 10:09:50@dash-Aspire-4741,none,4.49,1974428,1606060,0,0,0,0
         INFO main utilities.FileReader - 12 : 2014-04-10 10:09:45@dash-Aspire-4741,none,4.72,1974428,1606208,0,0,0,0
         INFO main utilities.FileReader - 13 : 2014-04-10 10:09:40@dash-Aspire-4741,none,4.41,1974428,1604488,1,2,0,0
         INFO main utilities.FileReader - 14 : 2014-04-10 10:09:25@dash-Aspire-4741,none,7.44,1974428,1602132,0,0,0,0
         INFO main log.Logfactory - 读取文件  /home/dash/yunqiao/tmp/2014-04-10.stat
         INFO main log.Logfactory - 上次读取时间Thu Apr 10 10:10:45 CST 2014
         INFO main log.Logfactory - 读取文件  /home/dash/yunqiao/tmp/2014-04-10.stat
         INFO main log.Logfactory - 上次读取时间Thu Apr 10 10:10:45 CST 2014
         INFO main log.Logfactory - 读取文件  /home/dash/yunqiao/tmp/2014-04-10.stat
         INFO main log.Logfactory - 上次读取时间Thu Apr 10 10:10:45 CST 2014
         INFO main log.Logfactory - 读取文件  /home/dash/yunqiao/tmp/2014-04-10.stat
         INFO main log.Logfactory - 上次读取时间Thu Apr 10 10:10:45 CST 2014
         INFO main log.Logfactory - 当前日期 2014-04-10
         INFO main log.Logfactory - 当前日期 2014-04-10
         INFO main log.Logfactory - 当前日期 2014-04-10
         INFO main database.StatusManage - sql
         INFO main log.Logfactory - 当前日期 2014-04-10
         INFO main database.StatusManage - sql SELECT * FROM GlusterMonitor.gm_status where id like '%s %' and hostname = '%s'order by(id) desc limit 0,1
         INFO main log.Logfactory - 当前日期 2014-04-10
         INFO main database.StatusManage - sql SELECT * FROM GlusterMonitor.gm_status where id like '%s' and hostname = '%s'order by(id) desc limit 0,1
         INFO main log.Logfactory - 读取文件  /home/dash/yunqiao/tmp/2014-04-10.stat
         INFO main log.Logfactory - 上次读取时间Thu Apr 10 00:00:00 CST 2014
         INFO main utilities.FileReader - 0 : 2014-04-10 10:10:45@dash-Aspire-4741,none,5.38,1974428,1578196,0,2,0,0
         INFO main utilities.FileReader - 1 : 2014-04-10 10:10:40@dash-Aspire-4741,none,5.91,1974428,1578092,0,0,0,0
         INFO main utilities.FileReader - 2 : 2014-04-10 10:10:35@dash-Aspire-4741,none,6.13,1974428,1577772,0,0,0,0
         INFO main utilities.FileReader - 3 : 2014-04-10 10:10:30@dash-Aspire-4741,none,5.11,1974428,1600916,0,0,0,0
         INFO main utilities.FileReader - 4 : 2014-04-10 10:10:25@dash-Aspire-4741,none,7.01,1974428,1602084,0,0,0,0
         INFO main utilities.FileReader - 5 : 2014-04-10 10:10:20@dash-Aspire-4741,none,5.29,1974428,1599216,0,0,0,0
         INFO main utilities.FileReader - 6 : 2014-04-10 10:10:15@dash-Aspire-4741,none,6.15,1974428,1599060,0,0,0,0
         INFO main utilities.FileReader - 7 : 2014-04-10 10:10:10@dash-Aspire-4741,none,4.84,1974428,1596644,0,0,0,0
         INFO main utilities.FileReader - 8 : 2014-04-10 10:10:05@dash-Aspire-4741,none,3.26,1974428,1613596,0,0,0,0
         INFO main utilities.FileReader - 9 : 2014-04-10 10:10:00@dash-Aspire-4741,none,2.94,1974428,1611476,0,0,0,0
         INFO main utilities.FileReader - 10 : 2014-04-10 10:09:55@dash-Aspire-4741,none,4.31,1974428,1608880,0,0,0,0
         INFO main utilities.FileReader - 11 : 2014-04-10 10:09:50@dash-Aspire-4741,none,4.49,1974428,1606060,0,0,0,0
         INFO main utilities.FileReader - 12 : 2014-04-10 10:09:45@dash-Aspire-4741,none,4.72,1974428,1606208,0,0,0,0
         INFO main utilities.FileReader - 13 : 2014-04-10 10:09:40@dash-Aspire-4741,none,4.41,1974428,1604488,1,2,0,0
         INFO main utilities.FileReader - 14 : 2014-04-10 10:09:25@dash-Aspire-4741,none,7.44,1974428,1602132,0,0,0,0
         INFO main log.Logfactory - 读取文件  /home/dash/yunqiao/tmp/2014-04-10.stat
         INFO main log.Logfactory - 上次读取时间Thu Apr 10 10:10:45 CST 2014
         INFO main log.Logfactory - 当前日期 2014-04-10
         INFO main database.StatusManage - sql SELECT * FROM GlusterMonitor.gm_status where id like '%s' and hostname = '%s'order by(id) desc limit 0,1
         INFO main log.Logfactory - 此文件在数据库最后更新时间 00:00:00
         INFO main log.Logfactory - 读取文件  /home/dash/yunqiao/tmp/2014-04-10.stat
         INFO main log.Logfactory - 上次读取时间Thu Apr 10 00:00:00 CST 2014
         INFO main utilities.FileReader - 0 : 2014-04-10 10:10:45@dash-Aspire-4741,none,5.38,1974428,1578196,0,2,0,0
         INFO main utilities.FileReader - 1 : 2014-04-10 10:10:40@dash-Aspire-4741,none,5.91,1974428,1578092,0,0,0,0
         INFO main utilities.FileReader - 2 : 2014-04-10 10:10:35@dash-Aspire-4741,none,6.13,1974428,1577772,0,0,0,0
         INFO main utilities.FileReader - 3 : 2014-04-10 10:10:30@dash-Aspire-4741,none,5.11,1974428,1600916,0,0,0,0
         INFO main utilities.FileReader - 4 : 2014-04-10 10:10:25@dash-Aspire-4741,none,7.01,1974428,1602084,0,0,0,0
         INFO main utilities.FileReader - 5 : 2014-04-10 10:10:20@dash-Aspire-4741,none,5.29,1974428,1599216,0,0,0,0
         INFO main utilities.FileReader - 6 : 2014-04-10 10:10:15@dash-Aspire-4741,none,6.15,1974428,1599060,0,0,0,0
         INFO main utilities.FileReader - 7 : 2014-04-10 10:10:10@dash-Aspire-4741,none,4.84,1974428,1596644,0,0,0,0
         INFO main utilities.FileReader - 8 : 2014-04-10 10:10:05@dash-Aspire-4741,none,3.26,1974428,1613596,0,0,0,0
         INFO main utilities.FileReader - 9 : 2014-04-10 10:10:00@dash-Aspire-4741,none,2.94,1974428,1611476,0,0,0,0
         INFO main utilities.FileReader - 10 : 2014-04-10 10:09:55@dash-Aspire-4741,none,4.31,1974428,1608880,0,0,0,0
         INFO main utilities.FileReader - 11 : 2014-04-10 10:09:50@dash-Aspire-4741,none,4.49,1974428,1606060,0,0,0,0
         INFO main utilities.FileReader - 12 : 2014-04-10 10:09:45@dash-Aspire-4741,none,4.72,1974428,1606208,0,0,0,0
         INFO main utilities.FileReader - 13 : 2014-04-10 10:09:40@dash-Aspire-4741,none,4.41,1974428,1604488,1,2,0,0
         INFO main utilities.FileReader - 14 : 2014-04-10 10:09:25@dash-Aspire-4741,none,7.44,1974428,1602132,0,0,0,0
         INFO main log.Logfactory - 读取文件  /home/dash/yunqiao/tmp/2014-04-10.stat
         INFO main log.Logfactory - 上次读取时间Thu Apr 10 10:10:45 CST 2014
         INFO main log.Logfactory - 当前日期 2014-04-10
         INFO main database.StatusManage - sql SELECT * FROM GlusterMonitor.gm_status where id like '2014-04-10%' and hostname = 'dash-Aspire-4741'order by(id) desc limit 0,1
         INFO main log.Logfactory - 此文件在数据库最后更新时间 00:00:00
         INFO main log.Logfactory - 读取文件  /home/dash/yunqiao/tmp/2014-04-10.stat
         INFO main log.Logfactory - 上次读取时间Thu Apr 10 00:00:00 CST 2014
         INFO main utilities.FileReader - 0 : 2014-04-10 10:10:45@dash-Aspire-4741,none,5.38,1974428,1578196,0,2,0,0
         INFO main utilities.FileReader - 1 : 2014-04-10 10:10:40@dash-Aspire-4741,none,5.91,1974428,1578092,0,0,0,0
         INFO main utilities.FileReader - 2 : 2014-04-10 10:10:35@dash-Aspire-4741,none,6.13,1974428,1577772,0,0,0,0
         INFO main utilities.FileReader - 3 : 2014-04-10 10:10:30@dash-Aspire-4741,none,5.11,1974428,1600916,0,0,0,0
         INFO main utilities.FileReader - 4 : 2014-04-10 10:10:25@dash-Aspire-4741,none,7.01,1974428,1602084,0,0,0,0
         INFO main utilities.FileReader - 5 : 2014-04-10 10:10:20@dash-Aspire-4741,none,5.29,1974428,1599216,0,0,0,0
         INFO main utilities.FileReader - 6 : 2014-04-10 10:10:15@dash-Aspire-4741,none,6.15,1974428,1599060,0,0,0,0
         INFO main utilities.FileReader - 7 : 2014-04-10 10:10:10@dash-Aspire-4741,none,4.84,1974428,1596644,0,0,0,0
         INFO main utilities.FileReader - 8 : 2014-04-10 10:10:05@dash-Aspire-4741,none,3.26,1974428,1613596,0,0,0,0
         INFO main utilities.FileReader - 9 : 2014-04-10 10:10:00@dash-Aspire-4741,none,2.94,1974428,1611476,0,0,0,0
         INFO main utilities.FileReader - 10 : 2014-04-10 10:09:55@dash-Aspire-4741,none,4.31,1974428,1608880,0,0,0,0
         INFO main utilities.FileReader - 11 : 2014-04-10 10:09:50@dash-Aspire-4741,none,4.49,1974428,1606060,0,0,0,0
         INFO main utilities.FileReader - 12 : 2014-04-10 10:09:45@dash-Aspire-4741,none,4.72,1974428,1606208,0,0,0,0
         INFO main utilities.FileReader - 13 : 2014-04-10 10:09:40@dash-Aspire-4741,none,4.41,1974428,1604488,1,2,0,0
         INFO main utilities.FileReader - 14 : 2014-04-10 10:09:25@dash-Aspire-4741,none,7.44,1974428,1602132,0,0,0,0
         INFO main log.Logfactory - 读取文件  /home/dash/yunqiao/tmp/2014-04-10.stat
         INFO main log.Logfactory - 上次读取时间Thu Apr 10 10:10:45 CST 2014
         INFO main log.Logfactory - 当前日期 2014-04-10
         INFO main database.StatusManage - sql SELECT * FROM GlusterMonitor.gm_status where id like '2014-04-10%' and hostname = 'dash-Aspire-4741'order by(id) desc limit 0,1
         INFO main log.Logfactory - 此文件在数据库最后更新时间 10:20:25.0
         INFO main log.Logfactory - 读取文件  /home/dash/yunqiao/tmp/2014-04-10.stat
         INFO main log.Logfactory - 上次读取时间Thu Apr 10 10:20:25 CST 2014
         INFO main utilities.FileReader - 0 : 2014-04-10 10:10:45@dash-Aspire-4741,none,5.38,1974428,1578196,0,2,0,0
         INFO main utilities.FileReader - 1 : 2014-04-10 10:10:40@dash-Aspire-4741,none,5.91,1974428,1578092,0,0,0,0
         INFO main utilities.FileReader - 2 : 2014-04-10 10:10:35@dash-Aspire-4741,none,6.13,1974428,1577772,0,0,0,0
         INFO main utilities.FileReader - 3 : 2014-04-10 10:10:30@dash-Aspire-4741,none,5.11,1974428,1600916,0,0,0,0
         INFO main utilities.FileReader - 4 : 2014-04-10 10:10:25@dash-Aspire-4741,none,7.01,1974428,1602084,0,0,0,0
         INFO main utilities.FileReader - 5 : 2014-04-10 10:10:20@dash-Aspire-4741,none,5.29,1974428,1599216,0,0,0,0
         INFO main utilities.FileReader - 6 : 2014-04-10 10:10:15@dash-Aspire-4741,none,6.15,1974428,1599060,0,0,0,0
         INFO main utilities.FileReader - 7 : 2014-04-10 10:10:10@dash-Aspire-4741,none,4.84,1974428,1596644,0,0,0,0
         INFO main utilities.FileReader - 8 : 2014-04-10 10:10:05@dash-Aspire-4741,none,3.26,1974428,1613596,0,0,0,0
         INFO main utilities.FileReader - 9 : 2014-04-10 10:10:00@dash-Aspire-4741,none,2.94,1974428,1611476,0,0,0,0
         INFO main utilities.FileReader - 10 : 2014-04-10 10:09:55@dash-Aspire-4741,none,4.31,1974428,1608880,0,0,0,0
         INFO main utilities.FileReader - 11 : 2014-04-10 10:09:50@dash-Aspire-4741,none,4.49,1974428,1606060,0,0,0,0
         INFO main utilities.FileReader - 12 : 2014-04-10 10:09:45@dash-Aspire-4741,none,4.72,1974428,1606208,0,0,0,0
         INFO main utilities.FileReader - 13 : 2014-04-10 10:09:40@dash-Aspire-4741,none,4.41,1974428,1604488,1,2,0,0
         INFO main utilities.FileReader - 14 : 2014-04-10 10:09:25@dash-Aspire-4741,none,7.44,1974428,1602132,0,0,0,0
         INFO main log.Logfactory - 当前日期 2014-04-10
         INFO main database.StatusManage - sql SELECT * FROM GlusterMonitor.gm_status where id like '2014-04-10%' and hostname = 'dash-Aspire-4741'order by(id) desc limit 0,1
         INFO main log.Logfactory - 此文件在数据库最后更新时间 10:20:25.0
         INFO main log.Logfactory - 读取文件  /home/dash/yunqiao/tmp/2014-04-10.stat
         INFO main log.Logfactory - 上次读取时间Thu Apr 10 10:20:25 CST 2014
         INFO main utilities.FileReader - 0 : 2014-04-10 10:10:45@dash-Aspire-4741,none,5.38,1974428,1578196,0,2,0,0
         INFO main utilities.FileReader - 1 : 2014-04-10 10:10:40@dash-Aspire-4741,none,5.91,1974428,1578092,0,0,0,0
         INFO main utilities.FileReader - 2 : 2014-04-10 10:10:35@dash-Aspire-4741,none,6.13,1974428,1577772,0,0,0,0
         INFO main utilities.FileReader - 3 : 2014-04-10 10:10:30@dash-Aspire-4741,none,5.11,1974428,1600916,0,0,0,0
         INFO main utilities.FileReader - 4 : 2014-04-10 10:10:25@dash-Aspire-4741,none,7.01,1974428,1602084,0,0,0,0
         INFO main utilities.FileReader - 5 : 2014-04-10 10:10:20@dash-Aspire-4741,none,5.29,1974428,1599216,0,0,0,0
         INFO main utilities.FileReader - 6 : 2014-04-10 10:10:15@dash-Aspire-4741,none,6.15,1974428,1599060,0,0,0,0
         INFO main utilities.FileReader - 7 : 2014-04-10 10:10:10@dash-Aspire-4741,none,4.84,1974428,1596644,0,0,0,0
         INFO main utilities.FileReader - 8 : 2014-04-10 10:10:05@dash-Aspire-4741,none,3.26,1974428,1613596,0,0,0,0
         INFO main utilities.FileReader - 9 : 2014-04-10 10:10:00@dash-Aspire-4741,none,2.94,1974428,1611476,0,0,0,0
         INFO main utilities.FileReader - 10 : 2014-04-10 10:09:55@dash-Aspire-4741,none,4.31,1974428,1608880,0,0,0,0
         INFO main utilities.FileReader - 11 : 2014-04-10 10:09:50@dash-Aspire-4741,none,4.49,1974428,1606060,0,0,0,0
         INFO main utilities.FileReader - 12 : 2014-04-10 10:09:45@dash-Aspire-4741,none,4.72,1974428,1606208,0,0,0,0
         INFO main utilities.FileReader - 13 : 2014-04-10 10:09:40@dash-Aspire-4741,none,4.41,1974428,1604488,1,2,0,0
         INFO main utilities.FileReader - 14 : 2014-04-10 10:09:25@dash-Aspire-4741,none,7.44,1974428,1602132,0,0,0,0
         INFO main log.Logfactory - 读取文件  /home/dash/yunqiao/tmp/2014-04-10.stat
         INFO main log.Logfactory - 上次读取时间Thu Apr 10 10:20:25 CST 2014
         INFO main utilities.FileReader - 0 : 2014-04-10 10:10:45@dash-Aspire-4741,none,5.38,1974428,1578196,0,2,0,0
         INFO main utilities.FileReader - 1 : 2014-04-10 10:10:40@dash-Aspire-4741,none,5.91,1974428,1578092,0,0,0,0
         INFO main utilities.FileReader - 2 : 2014-04-10 10:10:35@dash-Aspire-4741,none,6.13,1974428,1577772,0,0,0,0
         INFO main utilities.FileReader - 3 : 2014-04-10 10:10:30@dash-Aspire-4741,none,5.11,1974428,1600916,0,0,0,0
         INFO main utilities.FileReader - 4 : 2014-04-10 10:10:25@dash-Aspire-4741,none,7.01,1974428,1602084,0,0,0,0
         INFO main utilities.FileReader - 5 : 2014-04-10 10:10:20@dash-Aspire-4741,none,5.29,1974428,1599216,0,0,0,0
         INFO main utilities.FileReader - 6 : 2014-04-10 10:10:15@dash-Aspire-4741,none,6.15,1974428,1599060,0,0,0,0
         INFO main utilities.FileReader - 7 : 2014-04-10 10:10:10@dash-Aspire-4741,none,4.84,1974428,1596644,0,0,0,0
         INFO main utilities.FileReader - 8 : 2014-04-10 10:10:05@dash-Aspire-4741,none,3.26,1974428,1613596,0,0,0,0
         INFO main utilities.FileReader - 9 : 2014-04-10 10:10:00@dash-Aspire-4741,none,2.94,1974428,1611476,0,0,0,0
         INFO main utilities.FileReader - 10 : 2014-04-10 10:09:55@dash-Aspire-4741,none,4.31,1974428,1608880,0,0,0,0
         INFO main utilities.FileReader - 11 : 2014-04-10 10:09:50@dash-Aspire-4741,none,4.49,1974428,1606060,0,0,0,0
         INFO main utilities.FileReader - 12 : 2014-04-10 10:09:45@dash-Aspire-4741,none,4.72,1974428,1606208,0,0,0,0
         INFO main utilities.FileReader - 13 : 2014-04-10 10:09:40@dash-Aspire-4741,none,4.41,1974428,1604488,1,2,0,0
         INFO main utilities.FileReader - 14 : 2014-04-10 10:09:25@dash-Aspire-4741,none,7.44,1974428,1602132,0,0,0,0
         INFO main log.Logfactory - 读取文件  /home/dash/yunqiao/tmp/2014-04-10.stat
         INFO main log.Logfactory - 上次读取时间Thu Apr 10 10:20:25 CST 2014
         INFO main utilities.FileReader - 0 : 2014-04-10 10:10:45@dash-Aspire-4741,none,5.38,1974428,1578196,0,2,0,0
         INFO main utilities.FileReader - 1 : 2014-04-10 10:10:40@dash-Aspire-4741,none,5.91,1974428,1578092,0,0,0,0
         INFO main utilities.FileReader - 2 : 2014-04-10 10:10:35@dash-Aspire-4741,none,6.13,1974428,1577772,0,0,0,0
         INFO main utilities.FileReader - 3 : 2014-04-10 10:10:30@dash-Aspire-4741,none,5.11,1974428,1600916,0,0,0,0
         INFO main utilities.FileReader - 4 : 2014-04-10 10:10:25@dash-Aspire-4741,none,7.01,1974428,1602084,0,0,0,0
         INFO main utilities.FileReader - 5 : 2014-04-10 10:10:20@dash-Aspire-4741,none,5.29,1974428,1599216,0,0,0,0
         INFO main utilities.FileReader - 6 : 2014-04-10 10:10:15@dash-Aspire-4741,none,6.15,1974428,1599060,0,0,0,0
         INFO main utilities.FileReader - 7 : 2014-04-10 10:10:10@dash-Aspire-4741,none,4.84,1974428,1596644,0,0,0,0
         INFO main utilities.FileReader - 8 : 2014-04-10 10:10:05@dash-Aspire-4741,none,3.26,1974428,1613596,0,0,0,0
         INFO main utilities.FileReader - 9 : 2014-04-10 10:10:00@dash-Aspire-4741,none,2.94,1974428,1611476,0,0,0,0
         INFO main utilities.FileReader - 10 : 2014-04-10 10:09:55@dash-Aspire-4741,none,4.31,1974428,1608880,0,0,0,0
         INFO main utilities.FileReader - 11 : 2014-04-10 10:09:50@dash-Aspire-4741,none,4.49,1974428,1606060,0,0,0,0
         INFO main utilities.FileReader - 12 : 2014-04-10 10:09:45@dash-Aspire-4741,none,4.72,1974428,1606208,0,0,0,0
         INFO main utilities.FileReader - 13 : 2014-04-10 10:09:40@dash-Aspire-4741,none,4.41,1974428,1604488,1,2,0,0
         INFO main utilities.FileReader - 14 : 2014-04-10 10:09:25@dash-Aspire-4741,none,7.44,1974428,1602132,0,0,0,0
         INFO main log.Logfactory - 读取文件  /home/dash/yunqiao/tmp/2014-04-10.stat
         INFO main log.Logfactory - 上次读取时间Thu Apr 10 10:20:25 CST 2014
         INFO main utilities.FileReader - 0 : 2014-04-10 10:10:45@dash-Aspire-4741,none,5.38,1974428,1578196,0,2,0,0
         INFO main utilities.FileReader - 1 : 2014-04-10 10:10:40@dash-Aspire-4741,none,5.91,1974428,1578092,0,0,0,0
         INFO main utilities.FileReader - 2 : 2014-04-10 10:10:35@dash-Aspire-4741,none,6.13,1974428,1577772,0,0,0,0
         INFO main utilities.FileReader - 3 : 2014-04-10 10:10:30@dash-Aspire-4741,none,5.11,1974428,1600916,0,0,0,0
         INFO main utilities.FileReader - 4 : 2014-04-10 10:10:25@dash-Aspire-4741,none,7.01,1974428,1602084,0,0,0,0
         INFO main utilities.FileReader - 5 : 2014-04-10 10:10:20@dash-Aspire-4741,none,5.29,1974428,1599216,0,0,0,0
         INFO main utilities.FileReader - 6 : 2014-04-10 10:10:15@dash-Aspire-4741,none,6.15,1974428,1599060,0,0,0,0
         INFO main utilities.FileReader - 7 : 2014-04-10 10:10:10@dash-Aspire-4741,none,4.84,1974428,1596644,0,0,0,0
         INFO main utilities.FileReader - 8 : 2014-04-10 10:10:05@dash-Aspire-4741,none,3.26,1974428,1613596,0,0,0,0
         INFO main utilities.FileReader - 9 : 2014-04-10 10:10:00@dash-Aspire-4741,none,2.94,1974428,1611476,0,0,0,0
         INFO main utilities.FileReader - 10 : 2014-04-10 10:09:55@dash-Aspire-4741,none,4.31,1974428,1608880,0,0,0,0
         INFO main utilities.FileReader - 11 : 2014-04-10 10:09:50@dash-Aspire-4741,none,4.49,1974428,1606060,0,0,0,0
         INFO main utilities.FileReader - 12 : 2014-04-10 10:09:45@dash-Aspire-4741,none,4.72,1974428,1606208,0,0,0,0
         INFO main utilities.FileReader - 13 : 2014-04-10 10:09:40@dash-Aspire-4741,none,4.41,1974428,1604488,1,2,0,0
         INFO main utilities.FileReader - 14 : 2014-04-10 10:09:25@dash-Aspire-4741,none,7.44,1974428,1602132,0,0,0,0
         INFO main log.Logfactory - 读取文件  /home/dash/yunqiao/tmp/2014-04-10.stat
         INFO main log.Logfactory - 上次读取时间Thu Apr 10 10:20:25 CST 2014
         INFO main utilities.FileReader - 0 : 2014-04-10 10:10:45@dash-Aspire-4741,none,5.38,1974428,1578196,0,2,0,0
         INFO main utilities.FileReader - 1 : 2014-04-10 10:10:40@dash-Aspire-4741,none,5.91,1974428,1578092,0,0,0,0
         INFO main utilities.FileReader - 2 : 2014-04-10 10:10:35@dash-Aspire-4741,none,6.13,1974428,1577772,0,0,0,0
         INFO main utilities.FileReader - 3 : 2014-04-10 10:10:30@dash-Aspire-4741,none,5.11,1974428,1600916,0,0,0,0
         INFO main utilities.FileReader - 4 : 2014-04-10 10:10:25@dash-Aspire-4741,none,7.01,1974428,1602084,0,0,0,0
         INFO main utilities.FileReader - 5 : 2014-04-10 10:10:20@dash-Aspire-4741,none,5.29,1974428,1599216,0,0,0,0
         INFO main utilities.FileReader - 6 : 2014-04-10 10:10:15@dash-Aspire-4741,none,6.15,1974428,1599060,0,0,0,0
         INFO main utilities.FileReader - 7 : 2014-04-10 10:10:10@dash-Aspire-4741,none,4.84,1974428,1596644,0,0,0,0
         INFO main utilities.FileReader - 8 : 2014-04-10 10:10:05@dash-Aspire-4741,none,3.26,1974428,1613596,0,0,0,0
         INFO main utilities.FileReader - 9 : 2014-04-10 10:10:00@dash-Aspire-4741,none,2.94,1974428,1611476,0,0,0,0
         INFO main utilities.FileReader - 10 : 2014-04-10 10:09:55@dash-Aspire-4741,none,4.31,1974428,1608880,0,0,0,0
         INFO main utilities.FileReader - 11 : 2014-04-10 10:09:50@dash-Aspire-4741,none,4.49,1974428,1606060,0,0,0,0
         INFO main utilities.FileReader - 12 : 2014-04-10 10:09:45@dash-Aspire-4741,none,4.72,1974428,1606208,0,0,0,0
         INFO main utilities.FileReader - 13 : 2014-04-10 10:09:40@dash-Aspire-4741,none,4.41,1974428,1604488,1,2,0,0
         INFO main utilities.FileReader - 14 : 2014-04-10 10:09:25@dash-Aspire-4741,none,7.44,1974428,1602132,0,0,0,0
         INFO main log.Logfactory - 读取文件  /home/dash/yunqiao/tmp/2014-04-10.stat
         INFO main log.Logfactory - 上次读取时间Thu Apr 10 10:20:25 CST 2014
         INFO main utilities.FileReader - 0 : 2014-04-10 10:10:45@dash-Aspire-4741,none,5.38,1974428,1578196,0,2,0,0
         INFO main utilities.FileReader - 1 : 2014-04-10 10:10:40@dash-Aspire-4741,none,5.91,1974428,1578092,0,0,0,0
         INFO main utilities.FileReader - 2 : 2014-04-10 10:10:35@dash-Aspire-4741,none,6.13,1974428,1577772,0,0,0,0
         INFO main utilities.FileReader - 3 : 2014-04-10 10:10:30@dash-Aspire-4741,none,5.11,1974428,1600916,0,0,0,0
         INFO main utilities.FileReader - 4 : 2014-04-10 10:10:25@dash-Aspire-4741,none,7.01,1974428,1602084,0,0,0,0
         INFO main utilities.FileReader - 5 : 2014-04-10 10:10:20@dash-Aspire-4741,none,5.29,1974428,1599216,0,0,0,0
         INFO main utilities.FileReader - 6 : 2014-04-10 10:10:15@dash-Aspire-4741,none,6.15,1974428,1599060,0,0,0,0
         INFO main utilities.FileReader - 7 : 2014-04-10 10:10:10@dash-Aspire-4741,none,4.84,1974428,1596644,0,0,0,0
         INFO main utilities.FileReader - 8 : 2014-04-10 10:10:05@dash-Aspire-4741,none,3.26,1974428,1613596,0,0,0,0
         INFO main utilities.FileReader - 9 : 2014-04-10 10:10:00@dash-Aspire-4741,none,2.94,1974428,1611476,0,0,0,0
         INFO main utilities.FileReader - 10 : 2014-04-10 10:09:55@dash-Aspire-4741,none,4.31,1974428,1608880,0,0,0,0
         INFO main utilities.FileReader - 11 : 2014-04-10 10:09:50@dash-Aspire-4741,none,4.49,1974428,1606060,0,0,0,0
         INFO main utilities.FileReader - 12 : 2014-04-10 10:09:45@dash-Aspire-4741,none,4.72,1974428,1606208,0,0,0,0
         INFO main utilities.FileReader - 13 : 2014-04-10 10:09:40@dash-Aspire-4741,none,4.41,1974428,1604488,1,2,0,0
         INFO main utilities.FileReader - 14 : 2014-04-10 10:09:25@dash-Aspire-4741,none,7.44,1974428,1602132,0,0,0,0
         INFO main log.Logfactory - 读取文件  /home/dash/yunqiao/tmp/2014-04-10.stat
         INFO main log.Logfactory - 上次读取时间Thu Apr 10 10:20:25 CST 2014
         INFO main utilities.FileReader - 0 : 2014-04-10 10:10:45@dash-Aspire-4741,none,5.38,1974428,1578196,0,2,0,0
         INFO main utilities.FileReader - 1 : 2014-04-10 10:10:40@dash-Aspire-4741,none,5.91,1974428,1578092,0,0,0,0
         INFO main utilities.FileReader - 2 : 2014-04-10 10:10:35@dash-Aspire-4741,none,6.13,1974428,1577772,0,0,0,0
         INFO main utilities.FileReader - 3 : 2014-04-10 10:10:30@dash-Aspire-4741,none,5.11,1974428,1600916,0,0,0,0
         INFO main utilities.FileReader - 4 : 2014-04-10 10:10:25@dash-Aspire-4741,none,7.01,1974428,1602084,0,0,0,0
         INFO main utilities.FileReader - 5 : 2014-04-10 10:10:20@dash-Aspire-4741,none,5.29,1974428,1599216,0,0,0,0
         INFO main utilities.FileReader - 6 : 2014-04-10 10:10:15@dash-Aspire-4741,none,6.15,1974428,1599060,0,0,0,0
         INFO main utilities.FileReader - 7 : 2014-04-10 10:10:10@dash-Aspire-4741,none,4.84,1974428,1596644,0,0,0,0
         INFO main utilities.FileReader - 8 : 2014-04-10 10:10:05@dash-Aspire-4741,none,3.26,1974428,1613596,0,0,0,0
         INFO main utilities.FileReader - 9 : 2014-04-10 10:10:00@dash-Aspire-4741,none,2.94,1974428,1611476,0,0,0,0
         INFO main utilities.FileReader - 10 : 2014-04-10 10:09:55@dash-Aspire-4741,none,4.31,1974428,1608880,0,0,0,0
         INFO main utilities.FileReader - 11 : 2014-04-10 10:09:50@dash-Aspire-4741,none,4.49,1974428,1606060,0,0,0,0
         INFO main utilities.FileReader - 12 : 2014-04-10 10:09:45@dash-Aspire-4741,none,4.72,1974428,1606208,0,0,0,0
         INFO main utilities.FileReader - 13 : 2014-04-10 10:09:40@dash-Aspire-4741,none,4.41,1974428,1604488,1,2,0,0
         INFO main utilities.FileReader - 14 : 2014-04-10 10:09:25@dash-Aspire-4741,none,7.44,1974428,1602132,0,0,0,0
         INFO main log.Logfactory - 读取文件  /home/dash/yunqiao/tmp/2014-04-10.stat
         INFO main log.Logfactory - 上次读取时间Thu Apr 10 10:20:25 CST 2014
         INFO main utilities.FileReader - 0 : 2014-04-10 10:10:45@dash-Aspire-4741,none,5.38,1974428,1578196,0,2,0,0
         INFO main utilities.FileReader - 1 : 2014-04-10 10:10:40@dash-Aspire-4741,none,5.91,1974428,1578092,0,0,0,0
         INFO main utilities.FileReader - 2 : 2014-04-10 10:10:35@dash-Aspire-4741,none,6.13,1974428,1577772,0,0,0,0
         INFO main utilities.FileReader - 3 : 2014-04-10 10:10:30@dash-Aspire-4741,none,5.11,1974428,1600916,0,0,0,0
         INFO main utilities.FileReader - 4 : 2014-04-10 10:10:25@dash-Aspire-4741,none,7.01,1974428,1602084,0,0,0,0
         INFO main utilities.FileReader - 5 : 2014-04-10 10:10:20@dash-Aspire-4741,none,5.29,1974428,1599216,0,0,0,0
         INFO main utilities.FileReader - 6 : 2014-04-10 10:10:15@dash-Aspire-4741,none,6.15,1974428,1599060,0,0,0,0
         INFO main utilities.FileReader - 7 : 2014-04-10 10:10:10@dash-Aspire-4741,none,4.84,1974428,1596644,0,0,0,0
         INFO main utilities.FileReader - 8 : 2014-04-10 10:10:05@dash-Aspire-4741,none,3.26,1974428,1613596,0,0,0,0
         INFO main utilities.FileReader - 9 : 2014-04-10 10:10:00@dash-Aspire-4741,none,2.94,1974428,1611476,0,0,0,0
         INFO main utilities.FileReader - 10 : 2014-04-10 10:09:55@dash-Aspire-4741,none,4.31,1974428,1608880,0,0,0,0
         INFO main utilities.FileReader - 11 : 2014-04-10 10:09:50@dash-Aspire-4741,none,4.49,1974428,1606060,0,0,0,0
         INFO main utilities.FileReader - 12 : 2014-04-10 10:09:45@dash-Aspire-4741,none,4.72,1974428,1606208,0,0,0,0
         INFO main utilities.FileReader - 13 : 2014-04-10 10:09:40@dash-Aspire-4741,none,4.41,1974428,1604488,1,2,0,0
         INFO main utilities.FileReader - 14 : 2014-04-10 10:09:25@dash-Aspire-4741,none,7.44,1974428,1602132,0,0,0,0
         INFO main log.Logfactory - 当前日期 2014-04-10
         INFO main database.StatusManage - sql SELECT * FROM GlusterMonitor.gm_status where id like '2014-04-10%' and hostname = 'dash-Aspire-4741'order by(id) desc limit 0,1
         INFO main log.Logfactory - 此文件在数据库最后更新时间 10:20:25.0
         INFO main log.Logfactory - 读取文件  /home/dash/yunqiao/tmp/2014-04-10.stat
         INFO main log.Logfactory - 上次读取时间Thu Apr 10 10:20:25 CST 2014
         INFO main log.Logfactory - 读取文件  /home/dash/yunqiao/tmp/2014-04-10.stat
         INFO main log.Logfactory - 上次读取时间Thu Apr 10 10:20:25 CST 2014
         INFO main log.Logfactory - 当前日期 2014-04-10
         INFO main database.StatusManage - sql SELECT * FROM GlusterMonitor.gm_status where id like '2014-04-10%' and hostname = 'dash-Aspire-4741'order by(id) desc limit 0,1
         INFO main log.Logfactory - 此文件在数据库最后更新时间 10:10:25.0
         INFO main log.Logfactory - 读取文件  /home/dash/yunqiao/tmp/2014-04-10.stat
         INFO main log.Logfactory - 上次读取时间Thu Apr 10 10:10:25 CST 2014
         INFO main utilities.FileReader - 0 : 2014-04-10 10:10:45@dash-Aspire-4741,none,5.38,1974428,1578196,0,2,0,0
         INFO main utilities.FileReader - 1 : 2014-04-10 10:10:40@dash-Aspire-4741,none,5.91,1974428,1578092,0,0,0,0
         INFO main utilities.FileReader - 2 : 2014-04-10 10:10:35@dash-Aspire-4741,none,6.13,1974428,1577772,0,0,0,0
         INFO main utilities.FileReader - 3 : 2014-04-10 10:10:30@dash-Aspire-4741,none,5.11,1974428,1600916,0,0,0,0
         INFO main log.Logfactory - 读取文件  /home/dash/yunqiao/tmp/2014-04-10.stat
         INFO main log.Logfactory - 上次读取时间Thu Apr 10 10:10:45 CST 2014
         INFO main log.Logfactory - 读取文件  /home/dash/yunqiao/tmp/2014-04-10.stat
         INFO main log.Logfactory - 上次读取时间Thu Apr 10 10:10:45 CST 2014
         INFO main log.Logfactory - 当前日期 2014-04-10
         INFO main database.StatusManage - sql SELECT * FROM GlusterMonitor.gm_status where id like '2014-04-10%' and hostname = 'dash-Aspire-4741'order by(id) desc limit 0,1
         INFO main log.Logfactory - 此文件在数据库最后更新时间 00:00:00
         INFO main log.Logfactory - 读取文件  /home/dash/yunqiao/tmp/2014-04-10.stat
         INFO main log.Logfactory - 上次读取时间Thu Apr 10 00:00:00 CST 2014
         INFO main utilities.FileReader - 0 : 2014-04-10 10:10:45@dash-Aspire-4741,none,5.38,1974428,1578196,0,2,0,0
         INFO main utilities.FileReader - 1 : 2014-04-10 10:10:40@dash-Aspire-4741,none,5.91,1974428,1578092,0,0,0,0
         INFO main utilities.FileReader - 2 : 2014-04-10 10:10:35@dash-Aspire-4741,none,6.13,1974428,1577772,0,0,0,0
         INFO main utilities.FileReader - 3 : 2014-04-10 10:10:30@dash-Aspire-4741,none,5.11,1974428,1600916,0,0,0,0
         INFO main utilities.FileReader - 4 : 2014-04-10 10:10:25@dash-Aspire-4741,none,7.01,1974428,1602084,0,0,0,0
         INFO main utilities.FileReader - 5 : 2014-04-10 10:10:20@dash-Aspire-4741,none,5.29,1974428,1599216,0,0,0,0
         INFO main utilities.FileReader - 6 : 2014-04-10 10:10:15@dash-Aspire-4741,none,6.15,1974428,1599060,0,0,0,0
         INFO main utilities.FileReader - 7 : 2014-04-10 10:10:10@dash-Aspire-4741,none,4.84,1974428,1596644,0,0,0,0
         INFO main utilities.FileReader - 8 : 2014-04-10 10:10:05@dash-Aspire-4741,none,3.26,1974428,1613596,0,0,0,0
         INFO main utilities.FileReader - 9 : 2014-04-10 10:10:00@dash-Aspire-4741,none,2.94,1974428,1611476,0,0,0,0
         INFO main utilities.FileReader - 10 : 2014-04-10 10:09:55@dash-Aspire-4741,none,4.31,1974428,1608880,0,0,0,0
         INFO main utilities.FileReader - 11 : 2014-04-10 10:09:50@dash-Aspire-4741,none,4.49,1974428,1606060,0,0,0,0
         INFO main utilities.FileReader - 12 : 2014-04-10 10:09:45@dash-Aspire-4741,none,4.72,1974428,1606208,0,0,0,0
         INFO main utilities.FileReader - 13 : 2014-04-10 10:09:40@dash-Aspire-4741,none,4.41,1974428,1604488,1,2,0,0
         INFO main utilities.FileReader - 14 : 2014-04-10 10:09:25@dash-Aspire-4741,none,7.44,1974428,1602132,0,0,0,0
         INFO main log.Logfactory - 读取文件  /home/dash/yunqiao/tmp/2014-04-10.stat
         INFO main log.Logfactory - 上次读取时间Thu Apr 10 10:10:45 CST 2014
         INFO main log.Logfactory - 读取文件  /home/dash/yunqiao/tmp/2014-04-10.stat
         INFO main log.Logfactory - 上次读取时间Thu Apr 10 10:10:45 CST 2014
         INFO main log.Logfactory - 读取文件  /home/dash/yunqiao/tmp/2014-04-10.stat
         INFO main log.Logfactory - 上次读取时间Thu Apr 10 10:10:45 CST 2014
         INFO main log.Logfactory - 读取文件  /home/dash/yunqiao/tmp/2014-04-10.stat
         INFO main log.Logfactory - 上次读取时间Thu Apr 10 10:10:45 CST 2014
         INFO main log.Logfactory - 当前日期 2014-04-10
         INFO main database.StatusManage - sql SELECT * FROM GlusterMonitor.gm_status where id like '2014-04-10%' and hostname = 'dash-Aspire-4741'order by(id) desc limit 0,1
         INFO main log.Logfactory - 此文件在数据库最后更新时间 00:00:00
         INFO main log.Logfactory - 读取文件  /home/dash/yunqiao/tmp/2014-04-10.stat
         INFO main log.Logfactory - 上次读取时间Thu Apr 10 00:00:00 CST 2014
         INFO main utilities.FileReader - 0 : 2014-04-10 10:10:45@dash-Aspire-4741,none,5.38,1974428,1578196,0,2,0,0
         INFO main utilities.FileReader - 1 : 2014-04-10 10:10:40@dash-Aspire-4741,none,5.91,1974428,1578092,0,0,0,0
         INFO main utilities.FileReader - 2 : 2014-04-10 10:10:35@dash-Aspire-4741,none,6.13,1974428,1577772,0,0,0,0
         INFO main utilities.FileReader - 3 : 2014-04-10 10:10:30@dash-Aspire-4741,none,5.11,1974428,1600916,0,0,0,0
         INFO main utilities.FileReader - 4 : 2014-04-10 10:10:25@dash-Aspire-4741,none,7.01,1974428,1602084,0,0,0,0
         INFO main utilities.FileReader - 5 : 2014-04-10 10:10:20@dash-Aspire-4741,none,5.29,1974428,1599216,0,0,0,0
         INFO main utilities.FileReader - 6 : 2014-04-10 10:10:15@dash-Aspire-4741,none,6.15,1974428,1599060,0,0,0,0
         INFO main utilities.FileReader - 7 : 2014-04-10 10:10:10@dash-Aspire-4741,none,4.84,1974428,1596644,0,0,0,0
         INFO main utilities.FileReader - 8 : 2014-04-10 10:10:05@dash-Aspire-4741,none,3.26,1974428,1613596,0,0,0,0
         INFO main utilities.FileReader - 9 : 2014-04-10 10:10:00@dash-Aspire-4741,none,2.94,1974428,1611476,0,0,0,0
         INFO main utilities.FileReader - 10 : 2014-04-10 10:09:55@dash-Aspire-4741,none,4.31,1974428,1608880,0,0,0,0
         INFO main utilities.FileReader - 11 : 2014-04-10 10:09:50@dash-Aspire-4741,none,4.49,1974428,1606060,0,0,0,0
         INFO main utilities.FileReader - 12 : 2014-04-10 10:09:45@dash-Aspire-4741,none,4.72,1974428,1606208,0,0,0,0
         INFO main utilities.FileReader - 13 : 2014-04-10 10:09:40@dash-Aspire-4741,none,4.41,1974428,1604488,1,2,0,0
         INFO main utilities.FileReader - 14 : 2014-04-10 10:09:25@dash-Aspire-4741,none,7.44,1974428,1602132,0,0,0,0
         INFO main main.Start - 同步模式开启
         INFO main log.Logfactory - 当前日期 2014-04-10
         INFO main database.StatusManage - sql SELECT * FROM GlusterMonitor.gm_status where id like '2014-04-10%' and hostname = 'dash-Aspire-4741'order by(id) desc limit 0,1
         INFO main log.Logfactory - 此文件在数据库最后更新时间 00:00:00
         INFO main log.Logfactory - 读取文件  /home/dash/yunqiao/tmp/2014-04-10.stat
         INFO main log.Logfactory - 上次读取时间Thu Apr 10 00:00:00 CST 2014
         INFO main utilities.FileReader - 0 : 2014-04-10 10:10:45@dash-Aspire-4741,none,5.38,1974428,1578196,0,2,0,0
         INFO main utilities.FileReader - 1 : 2014-04-10 10:10:40@dash-Aspire-4741,none,5.91,1974428,1578092,0,0,0,0
         INFO main utilities.FileReader - 2 : 2014-04-10 10:10:35@dash-Aspire-4741,none,6.13,1974428,1577772,0,0,0,0
         INFO main utilities.FileReader - 3 : 2014-04-10 10:10:30@dash-Aspire-4741,none,5.11,1974428,1600916,0,0,0,0
         INFO main utilities.FileReader - 4 : 2014-04-10 10:10:25@dash-Aspire-4741,none,7.01,1974428,1602084,0,0,0,0
         INFO main utilities.FileReader - 5 : 2014-04-10 10:10:20@dash-Aspire-4741,none,5.29,1974428,1599216,0,0,0,0
         INFO main utilities.FileReader - 6 : 2014-04-10 10:10:15@dash-Aspire-4741,none,6.15,1974428,1599060,0,0,0,0
         INFO main utilities.FileReader - 7 : 2014-04-10 10:10:10@dash-Aspire-4741,none,4.84,1974428,1596644,0,0,0,0
         INFO main utilities.FileReader - 8 : 2014-04-10 10:10:05@dash-Aspire-4741,none,3.26,1974428,1613596,0,0,0,0
         INFO main utilities.FileReader - 9 : 2014-04-10 10:10:00@dash-Aspire-4741,none,2.94,1974428,1611476,0,0,0,0
         INFO main utilities.FileReader - 10 : 2014-04-10 10:09:55@dash-Aspire-4741,none,4.31,1974428,1608880,0,0,0,0
         INFO main utilities.FileReader - 11 : 2014-04-10 10:09:50@dash-Aspire-4741,none,4.49,1974428,1606060,0,0,0,0
         INFO main utilities.FileReader - 12 : 2014-04-10 10:09:45@dash-Aspire-4741,none,4.72,1974428,1606208,0,0,0,0
         INFO main utilities.FileReader - 13 : 2014-04-10 10:09:40@dash-Aspire-4741,none,4.41,1974428,1604488,1,2,0,0
         INFO main utilities.FileReader - 14 : 2014-04-10 10:09:25@dash-Aspire-4741,none,7.44,1974428,1602132,0,0,0,0
         INFO main log.Logfactory - 读取文件  /home/dash/yunqiao/tmp/2014-04-10.stat
         INFO main log.Logfactory - 上次读取时间Thu Apr 10 10:10:45 CST 2014
         INFO main log.Logfactory - 读取文件  /home/dash/yunqiao/tmp/2014-04-10.stat
         INFO main log.Logfactory - 上次读取时间Thu Apr 10 10:10:45 CST 2014
         INFO main log.Logfactory - 读取文件  /home/dash/yunqiao/tmp/2014-04-10.stat
         INFO main log.Logfactory - 上次读取时间Thu Apr 10 10:10:45 CST 2014
         INFO main log.Logfactory - 读取文件  /home/dash/yunqiao/tmp/2014-04-10.stat
         INFO main log.Logfactory - 上次读取时间Thu Apr 10 10:10:45 CST 2014
         INFO main main.Start - 异步模式开启
         INFO main log.Logfactory - /home/dash/yunqiao/tmp/2014-04-10.stat
         INFO main database.StatusManage - 使用的sql语句 INSERT INTO `GlusterMonitor`.`gm_status` (`id`, `hostname`, `ipofib`, `cpuuseratio`, `memtotal`, `usedmem`, `netsendflow`, `netreceiveflow`, `ibsendflow`, `ibreceiveflow`) VALUES ('2014-04-10 10:09:25', 'dash-Aspire-4741', 'none', '7.44', '1974428', '1602132', '0', '0', '0', '0')
         INFO main database.StatusManage - insert 1 entries
         INFO main database.StatusManage - 使用的sql语句 INSERT INTO `GlusterMonitor`.`gm_status` (`id`, `hostname`, `ipofib`, `cpuuseratio`, `memtotal`, `usedmem`, `netsendflow`, `netreceiveflow`, `ibsendflow`, `ibreceiveflow`) VALUES ('2014-04-10 10:09:40', 'dash-Aspire-4741', 'none', '4.41', '1974428', '1604488', '1', '2', '0', '0')
         INFO main database.StatusManage - insert 1 entries
         INFO main database.StatusManage - 使用的sql语句 INSERT INTO `GlusterMonitor`.`gm_status` (`id`, `hostname`, `ipofib`, `cpuuseratio`, `memtotal`, `usedmem`, `netsendflow`, `netreceiveflow`, `ibsendflow`, `ibreceiveflow`) VALUES ('2014-04-10 10:09:45', 'dash-Aspire-4741', 'none', '4.72', '1974428', '1606208', '0', '0', '0', '0')
         INFO main database.StatusManage - insert 1 entries
         INFO main database.StatusManage - 使用的sql语句 INSERT INTO `GlusterMonitor`.`gm_status` (`id`, `hostname`, `ipofib`, `cpuuseratio`, `memtotal`, `usedmem`, `netsendflow`, `netreceiveflow`, `ibsendflow`, `ibreceiveflow`) VALUES ('2014-04-10 10:09:50', 'dash-Aspire-4741', 'none', '4.49', '1974428', '1606060', '0', '0', '0', '0')
         INFO main database.StatusManage - insert 1 entries
         INFO main database.StatusManage - 使用的sql语句 INSERT INTO `GlusterMonitor`.`gm_status` (`id`, `hostname`, `ipofib`, `cpuuseratio`, `memtotal`, `usedmem`, `netsendflow`, `netreceiveflow`, `ibsendflow`, `ibreceiveflow`) VALUES ('2014-04-10 10:09:55', 'dash-Aspire-4741', 'none', '4.31', '1974428', '1608880', '0', '0', '0', '0')
         INFO main database.StatusManage - insert 1 entries
         INFO main database.StatusManage - 使用的sql语句 INSERT INTO `GlusterMonitor`.`gm_status` (`id`, `hostname`, `ipofib`, `cpuuseratio`, `memtotal`, `usedmem`, `netsendflow`, `netreceiveflow`, `ibsendflow`, `ibreceiveflow`) VALUES ('2014-04-10 10:10:00', 'dash-Aspire-4741', 'none', '2.94', '1974428', '1611476', '0', '0', '0', '0')
         INFO main database.StatusManage - insert 1 entries
         INFO main database.StatusManage - 使用的sql语句 INSERT INTO `GlusterMonitor`.`gm_status` (`id`, `hostname`, `ipofib`, `cpuuseratio`, `memtotal`, `usedmem`, `netsendflow`, `netreceiveflow`, `ibsendflow`, `ibreceiveflow`) VALUES ('2014-04-10 10:10:05', 'dash-Aspire-4741', 'none', '3.26', '1974428', '1613596', '0', '0', '0', '0')
         INFO main database.StatusManage - insert 1 entries
         INFO main database.StatusManage - 使用的sql语句 INSERT INTO `GlusterMonitor`.`gm_status` (`id`, `hostname`, `ipofib`, `cpuuseratio`, `memtotal`, `usedmem`, `netsendflow`, `netreceiveflow`, `ibsendflow`, `ibreceiveflow`) VALUES ('2014-04-10 10:10:10', 'dash-Aspire-4741', 'none', '4.84', '1974428', '1596644', '0', '0', '0', '0')
         INFO main database.StatusManage - insert 1 entries
         INFO main database.StatusManage - 使用的sql语句 INSERT INTO `GlusterMonitor`.`gm_status` (`id`, `hostname`, `ipofib`, `cpuuseratio`, `memtotal`, `usedmem`, `netsendflow`, `netreceiveflow`, `ibsendflow`, `ibreceiveflow`) VALUES ('2014-04-10 10:10:15', 'dash-Aspire-4741', 'none', '6.15', '1974428', '1599060', '0', '0', '0', '0')
         INFO main database.StatusManage - insert 1 entries
         INFO main database.StatusManage - 使用的sql语句 INSERT INTO `GlusterMonitor`.`gm_status` (`id`, `hostname`, `ipofib`, `cpuuseratio`, `memtotal`, `usedmem`, `netsendflow`, `netreceiveflow`, `ibsendflow`, `ibreceiveflow`) VALUES ('2014-04-10 10:10:20', 'dash-Aspire-4741', 'none', '5.29', '1974428', '1599216', '0', '0', '0', '0')
         INFO main database.StatusManage - insert 1 entries
         INFO main database.StatusManage - 使用的sql语句 INSERT INTO `GlusterMonitor`.`gm_status` (`id`, `hostname`, `ipofib`, `cpuuseratio`, `memtotal`, `usedmem`, `netsendflow`, `netreceiveflow`, `ibsendflow`, `ibreceiveflow`) VALUES ('2014-04-10 10:10:25', 'dash-Aspire-4741', 'none', '7.01', '1974428', '1602084', '0', '0', '0', '0')
         INFO main database.StatusManage - insert 1 entries
         INFO main database.StatusManage - 使用的sql语句 INSERT INTO `GlusterMonitor`.`gm_status` (`id`, `hostname`, `ipofib`, `cpuuseratio`, `memtotal`, `usedmem`, `netsendflow`, `netreceiveflow`, `ibsendflow`, `ibreceiveflow`) VALUES ('2014-04-10 10:10:30', 'dash-Aspire-4741', 'none', '5.11', '1974428', '1600916', '0', '0', '0', '0')
         INFO main database.StatusManage - insert 1 entries
         INFO main database.StatusManage - 使用的sql语句 INSERT INTO `GlusterMonitor`.`gm_status` (`id`, `hostname`, `ipofib`, `cpuuseratio`, `memtotal`, `usedmem`, `netsendflow`, `netreceiveflow`, `ibsendflow`, `ibreceiveflow`) VALUES ('2014-04-10 10:10:35', 'dash-Aspire-4741', 'none', '6.13', '1974428', '1577772', '0', '0', '0', '0')
         INFO main database.StatusManage - insert 1 entries
         INFO main database.StatusManage - 使用的sql语句 INSERT INTO `GlusterMonitor`.`gm_status` (`id`, `hostname`, `ipofib`, `cpuuseratio`, `memtotal`, `usedmem`, `netsendflow`, `netreceiveflow`, `ibsendflow`, `ibreceiveflow`) VALUES ('2014-04-10 10:10:40', 'dash-Aspire-4741', 'none', '5.91', '1974428', '1578092', '0', '0', '0', '0')
         INFO main database.StatusManage - insert 1 entries
         INFO main database.StatusManage - 使用的sql语句 INSERT INTO `GlusterMonitor`.`gm_status` (`id`, `hostname`, `ipofib`, `cpuuseratio`, `memtotal`, `usedmem`, `netsendflow`, `netreceiveflow`, `ibsendflow`, `ibreceiveflow`) VALUES ('2014-04-10 10:10:45', 'dash-Aspire-4741', 'none', '5.38', '1974428', '1578196', '0', '2', '0', '0')
         INFO main database.StatusManage - insert 1 entries
         INFO main main.Start - 同步模式开启
         INFO main log.Logfactory - 当前日期 2014-04-10
         INFO main database.StatusManage - sql SELECT * FROM GlusterMonitor.gm_status where id like '2014-04-10%' and hostname = 'dash-Aspire-4741'order by(id) desc limit 0,1
         INFO main log.Logfactory - 此文件在数据库最后更新时间 10:10:45.0
         INFO main log.Logfactory - 读取文件  /home/dash/yunqiao/tmp/2014-04-10.stat
         INFO main log.Logfactory - 上次读取时间Thu Apr 10 10:10:45 CST 2014
         INFO main log.Logfactory - 读取文件  /home/dash/yunqiao/tmp/2014-04-10.stat
         INFO main log.Logfactory - 上次读取时间Thu Apr 10 10:10:45 CST 2014
         INFO main log.Logfactory - 读取文件  /home/dash/yunqiao/tmp/2014-04-10.stat
         INFO main log.Logfactory - 上次读取时间Thu Apr 10 10:10:45 CST 2014
         INFO main log.Logfactory - 读取文件  /home/dash/yunqiao/tmp/2014-04-10.stat
         INFO main log.Logfactory - 上次读取时间Thu Apr 10 10:10:45 CST 2014
         INFO main main.Start - 同步模式开启
 2014-04-10 14:47:47,002       INFO main log.Logfactory - 当前日期 2014-04-10
 2014-04-10 14:47:47,017       INFO main database.StatusManage - sql SELECT * FROM GlusterMonitor.gm_status where id like '2014-04-10%' and hostname = 'dash-Aspire-4741'order by(id) desc limit 0,1
 2014-04-10 14:47:47,305       INFO main log.Logfactory - 此文件在数据库最后更新时间 10:10:45.0
 2014-04-10 14:47:47,329       INFO main log.Logfactory - 读取文件  /home/dash/yunqiao/tmp/2014-04-10.stat
 2014-04-10 14:47:47,330       INFO main log.Logfactory - 上次读取时间Thu Apr 10 10:10:45 CST 2014
 2014-04-10 14:47:47,336       INFO main log.Logfactory - 读取文件  /home/dash/yunqiao/tmp/2014-04-10.stat
 2014-04-10 14:47:52,338       INFO main log.Logfactory - 上次读取时间Thu Apr 10 10:10:45 CST 2014
 2014-04-10 14:47:52,338       INFO main log.Logfactory - 读取文件  /home/dash/yunqiao/tmp/2014-04-10.stat
 2014-04-10 14:47:57,340       INFO main log.Logfactory - 上次读取时间Thu Apr 10 10:10:45 CST 2014
 2014-04-10 14:47:57,341       INFO main main.Start - 同步模式开启
 2014-04-10 14:48:09,723       INFO main log.Logfactory - 当前日期 2014-04-10
 2014-04-10 14:48:09,736       INFO main database.StatusManage - sql SELECT * FROM GlusterMonitor.gm_status where id like '2014-04-10%' and hostname = 'dash-Aspire-4741'order by(id) desc limit 0,1
 2014-04-10 14:48:10,013       INFO main log.Logfactory - 此文件在数据库最后更新时间 10:10:45.0
 2014-04-10 14:48:10,031       INFO main log.Logfactory - 读取文件  /home/dash/yunqiao/tmp/2014-04-10.stat
 2014-04-10 14:48:10,031       INFO main log.Logfactory - 上次读取时间Thu Apr 10 10:10:45 CST 2014
 2014-04-10 14:48:10,038       INFO main log.Logfactory - 读取文件  /home/dash/yunqiao/tmp/2014-04-10.stat
 2014-04-10 14:48:15,040       INFO main log.Logfactory - 上次读取时间Thu Apr 10 10:10:45 CST 2014
 2014-04-10 14:48:15,040       INFO main log.Logfactory - 读取文件  /home/dash/yunqiao/tmp/2014-04-10.stat
 2014-04-10 14:48:20,042       INFO main log.Logfactory - 上次读取时间Thu Apr 10 10:10:45 CST 2014
 2014-04-10 14:48:20,042       INFO main log.Logfactory - 读取文件  /home/dash/yunqiao/tmp/2014-04-10.stat
 2014-04-10 14:48:25,044       INFO main log.Logfactory - 上次读取时间Thu Apr 10 10:10:45 CST 2014
 2014-04-10 14:48:25,044       INFO main log.Logfactory - 读取文件  /home/dash/yunqiao/tmp/2014-04-10.stat
 2014-04-10 14:48:30,046       INFO main log.Logfactory - 上次读取时间Thu Apr 10 10:10:45 CST 2014
 2014-04-10 14:48:30,046       INFO main log.Logfactory - 读取文件  /home/dash/yunqiao/tmp/2014-04-10.stat
 2014-04-10 14:48:35,047       INFO main log.Logfactory - 上次读取时间Thu Apr 10 10:10:45 CST 2014
 2014-04-10 14:48:35,048       INFO main log.Logfactory - 读取文件  /home/dash/yunqiao/tmp/2014-04-10.stat
 2014-04-10 14:48:40,056       INFO main log.Logfactory - 上次读取时间Thu Apr 10 10:10:45 CST 2014
 2014-04-10 14:48:40,057       INFO main log.Logfactory - 读取文件  /home/dash/yunqiao/tmp/2014-04-10.stat
 2014-04-10 14:48:45,059       INFO main log.Logfactory - 上次读取时间Thu Apr 10 10:10:45 CST 2014
 2014-04-10 14:48:45,059       INFO main log.Logfactory - 读取文件  /home/dash/yunqiao/tmp/2014-04-10.stat
 2014-04-10 14:48:50,061       INFO main log.Logfactory - 上次读取时间Thu Apr 10 10:10:45 CST 2014
 2014-04-10 14:48:50,061       INFO main main.Start - 同步模式开启 2014-04-10 14:48:53,942
        INFO main log.Logfactory - 当前日期 2014-04-10 2014-04-10 14:48:53,956
        INFO main database.StatusManage - sql SELECT * FROM GlusterMonitor.gm_status where id like '2014-04-10%' and hostname = 'dash-Aspire-4741'order by(id) desc limit 0,1 2014-04-10 14:48:54,233
        INFO main log.Logfactory - 此文件在数据库最后更新时间 10:10:45.0 2014-04-10 14:48:54,253
        INFO main log.Logfactory - 读取文件  /home/dash/yunqiao/tmp/2014-04-10.stat 2014-04-10 14:48:54,253
        INFO main log.Logfactory - 上次读取时间Thu Apr 10 10:10:45 CST 2014 2014-04-10 14:48:54,260
        INFO main log.Logfactory - 读取文件  /home/dash/yunqiao/tmp/2014-04-10.stat 2014-04-10 14:48:59,262
        INFO main log.Logfactory - 上次读取时间Thu Apr 10 10:10:45 CST 2014 2014-04-10 14:48:59,262
        INFO main log.Logfactory - 读取文件  /home/dash/yunqiao/tmp/2014-04-10.stat 2014-04-10 14:49:04,263
        INFO main log.Logfactory - 上次读取时间Thu Apr 10 10:10:45 CST 2014 2014-04-10 14:49:04,264
        INFO main log.Logfactory - 读取文件  /home/dash/yunqiao/tmp/2014-04-10.stat 2014-04-10 14:49:09,265
        INFO main log.Logfactory - 上次读取时间Thu Apr 10 10:10:45 CST 2014 2014-04-10 14:49:09,265
        INFO main log.Logfactory - 读取文件  /home/dash/yunqiao/tmp/2014-04-10.stat 2014-04-10 14:49:14,267
        INFO main log.Logfactory - 上次读取时间Thu Apr 10 10:10:45 CST 2014 2014-04-10 14:49:14,268
        INFO main log.Logfactory - 读取文件  /home/dash/yunqiao/tmp/2014-04-10.stat 2014-04-10 14:49:19,269
        INFO main log.Logfactory - 上次读取时间Thu Apr 10 10:10:45 CST 2014 2014-04-10 14:49:19,269
        INFO main main.Start - 同步模式开启 2014-04-10 14:53:35,696
        INFO main log.Logfactory - 当前日期 2014-04-10 2014-04-10 14:53:35,711
        INFO main database.StatusManage - sql SELECT * FROM GlusterMonitor.gm_status where id like '2014-04-10%' and hostname = 'dash-Aspire-4741'order by(id) desc limit 0,1 2014-04-10 14:53:35,989
        INFO main log.Logfactory - 此文件在数据库最后更新时间 10:10:45.0 2014-04-10 14:53:36,006
        INFO main log.Logfactory - 读取文件  /home/dash/yunqiao/tmp/2014-04-10.stat 2014-04-10 14:53:36,007
        INFO main log.Logfactory - 上次读取时间Thu Apr 10 10:10:45 CST 2014 2014-04-10 14:53:36,013
        INFO main log.Logfactory - 读取文件  /home/dash/yunqiao/tmp/2014-04-10.stat 2014-04-10 14:53:41,015
        INFO main log.Logfactory - 上次读取时间Thu Apr 10 10:10:45 CST 2014 2014-04-10 14:53:41,016
        INFO main log.Logfactory - 读取文件  /home/dash/yunqiao/tmp/2014-04-10.stat 2014-04-10 14:53:46,017
        INFO main log.Logfactory - 上次读取时间Thu Apr 10 10:10:45 CST 2014 2014-04-10 14:53:46,018
        INFO main log.Logfactory - 读取文件  /home/dash/yunqiao/tmp/2014-04-10.stat 2014-04-10 14:53:51,019
        INFO main log.Logfactory - 上次读取时间Thu Apr 10 10:10:45 CST 2014 2014-04-10 14:53:51,019
        INFO main main.Start - 同步模式开启 2014-04-10 15:03:57,858
        INFO main log.Logfactory - 当前日期 2014-04-10 2014-04-10 15:03:57,872
        INFO main database.StatusManage - sql SELECT * FROM GlusterMonitor.gm_status where id like '2014-04-10%' and hostname = 'dash-Aspire-4741'order by(id) desc limit 0,1 2014-04-10 15:03:58,163
        INFO main log.Logfactory - 此文件在数据库最后更新时间 10:10:25.0 2014-04-10 15:03:58,204
        INFO main log.Logfactory - 读取文件  /home/dash/yunqiao/tmp/2014-04-10.stat 2014-04-10 15:03:58,205
        INFO main log.Logfactory - 上次读取时间Thu Apr 10 10:10:25 CST 2014 2014-04-10 15:03:58,211
        INFO main log.Logfactory - storage.Statusunit@7cb45826 2014-04-10 15:03:58,215
        INFO main log.Logfactory - storage.Statusunit@240766c0 2014-04-10 15:03:58,215
        INFO main log.Logfactory - storage.Statusunit@61ead9ba 2014-04-10 15:03:58,216
        INFO main log.Logfactory - storage.Statusunit@17c748f 2014-04-10 15:03:58,216
        INFO main log.Logfactory - 读取文件  /home/dash/yunqiao/tmp/2014-04-10.stat 2014-04-10 15:04:03,217
        INFO main log.Logfactory - 上次读取时间Thu Apr 10 10:10:45 CST 2014 2014-04-10 15:04:03,217
        INFO main main.Start - 同步模式开启 2014-04-10 15:09:32,303
        INFO main log.Logfactory - 当前日期 2014-04-10 2014-04-10 15:09:32,317
        INFO main database.StatusManage - sql SELECT * FROM GlusterMonitor.gm_status where id like '2014-04-10%' and hostname = 'dash-Aspire-4741'order by(id) desc limit 0,1 2014-04-10 15:09:32,620
        INFO main log.Logfactory - 此文件在数据库最后更新时间 10:10:25.0 2014-04-10 15:09:32,641
        INFO main log.Logfactory - 读取文件  /home/dash/yunqiao/tmp/2014-04-10.stat 2014-04-10 15:09:32,642
        INFO main log.Logfactory - 上次读取时间Thu Apr 10 10:10:25 CST 2014 2014-04-10 15:09:32,648
        INFO main log.Logfactory - 2014-04-10 10:10:45@dash-Aspire-4741,none,5.38,1974428,1578196,0,2,0,0 2014-04-10 15:09:32,652
        INFO main log.Logfactory - 2014-04-10 10:10:40@dash-Aspire-4741,none,5.91,1974428,1578092,0,0,0,0 2014-04-10 15:09:32,652
        INFO main log.Logfactory - 2014-04-10 10:10:35@dash-Aspire-4741,none,6.13,1974428,1577772,0,0,0,0 2014-04-10 15:09:32,653
        INFO main log.Logfactory - 2014-04-10 10:10:30@dash-Aspire-4741,none,5.11,1974428,1600916,0,0,0,0 2014-04-10 15:09:32,653
        INFO main log.Logfactory - 读取文件  /home/dash/yunqiao/tmp/2014-04-10.stat 2014-04-10 15:09:37,654
        INFO main log.Logfactory - 上次读取时间Thu Apr 10 10:10:45 CST 2014 2014-04-10 15:09:37,654
        INFO main log.Logfactory - 读取文件  /home/dash/yunqiao/tmp/2014-04-10.stat 2014-04-10 15:09:42,656
        INFO main log.Logfactory - 上次读取时间Thu Apr 10 10:10:45 CST 2014 2014-04-10 15:09:42,657
        INFO main log.Logfactory - 读取文件  /home/dash/yunqiao/tmp/2014-04-10.stat 2014-04-10 15:09:47,658
        INFO main log.Logfactory - 上次读取时间Thu Apr 10 10:10:45 CST 2014 2014-04-10 15:09:47,659
        INFO main log.Logfactory - 读取文件  /home/dash/yunqiao/tmp/2014-04-10.stat 2014-04-10 15:09:52,666
        INFO main log.Logfactory - 上次读取时间Thu Apr 10 10:10:45 CST 2014 2014-04-10 15:09:52,667
        INFO main main.Start - 同步模式开启 2014-04-10 15:10:38,543
        INFO main log.Logfactory - 当前日期 2014-04-10 2014-04-10 15:10:38,558
        INFO main database.StatusManage - sql SELECT * FROM GlusterMonitor.gm_status where id like '2014-04-10%' and hostname = 'dash-Aspire-4741'order by(id) desc limit 0,1 2014-04-10 15:10:38,856
        INFO main log.Logfactory - 此文件在数据库最后更新时间 10:10:25.0 2014-04-10 15:10:38,873
        INFO main log.Logfactory - 读取文件  /home/dash/yunqiao/tmp/2014-04-10.stat 2014-04-10 15:10:38,874
        INFO main log.Logfactory - 上次读取时间Thu Apr 10 10:10:25 CST 2014 2014-04-10 15:10:38,880
        INFO main log.Logfactory - 2014-04-10 10:10:45@dash-Aspire-4741,none,5.38,1974428,1578196,0,2,0,0 2014-04-10 15:10:38,884
        INFO main database.StatusManage - 使用的sql语句 INSERT INTO `GlusterMonitor`.`gm_status` (`id`, `hostname`, `ipofib`, `cpuuseratio`, `memtotal`, `usedmem`, `netsendflow`, `netreceiveflow`, `ibsendflow`, `ibreceiveflow`) VALUES ('2014-04-10 10:10:45', 'dash-Aspire-4741', 'none', '5.38', '1974428', '1578196', '0', '2', '0', '0') 2014-04-10 15:10:38,962
        INFO main database.StatusManage - insert 1 entries 2014-04-10 15:10:39,036
        INFO main log.Logfactory - 2014-04-10 10:10:40@dash-Aspire-4741,none,5.91,1974428,1578092,0,0,0,0 2014-04-10 15:10:39,039
        INFO main database.StatusManage - 使用的sql语句 INSERT INTO `GlusterMonitor`.`gm_status` (`id`, `hostname`, `ipofib`, `cpuuseratio`, `memtotal`, `usedmem`, `netsendflow`, `netreceiveflow`, `ibsendflow`, `ibreceiveflow`) VALUES ('2014-04-10 10:10:40', 'dash-Aspire-4741', 'none', '5.91', '1974428', '1578092', '0', '0', '0', '0') 2014-04-10 15:10:39,077
        INFO main database.StatusManage - insert 1 entries 2014-04-10 15:10:39,113
        INFO main log.Logfactory - 2014-04-10 10:10:35@dash-Aspire-4741,none,6.13,1974428,1577772,0,0,0,0 2014-04-10 15:10:39,115
        INFO main database.StatusManage - 使用的sql语句 INSERT INTO `GlusterMonitor`.`gm_status` (`id`, `hostname`, `ipofib`, `cpuuseratio`, `memtotal`, `usedmem`, `netsendflow`, `netreceiveflow`, `ibsendflow`, `ibreceiveflow`) VALUES ('2014-04-10 10:10:35', 'dash-Aspire-4741', 'none', '6.13', '1974428', '1577772', '0', '0', '0', '0') 2014-04-10 15:10:39,153
        INFO main database.StatusManage - insert 1 entries 2014-04-10 15:10:39,181
        INFO main log.Logfactory - 2014-04-10 10:10:30@dash-Aspire-4741,none,5.11,1974428,1600916,0,0,0,0 2014-04-10 15:10:39,184
        INFO main database.StatusManage - 使用的sql语句 INSERT INTO `GlusterMonitor`.`gm_status` (`id`, `hostname`, `ipofib`, `cpuuseratio`, `memtotal`, `usedmem`, `netsendflow`, `netreceiveflow`, `ibsendflow`, `ibreceiveflow`) VALUES ('2014-04-10 10:10:30', 'dash-Aspire-4741', 'none', '5.11', '1974428', '1600916', '0', '0', '0', '0') 2014-04-10 15:10:39,209
        INFO main database.StatusManage - insert 1 entries 2014-04-10 15:10:39,237
        INFO main log.Logfactory - 读取文件  /home/dash/yunqiao/tmp/2014-04-10.stat 2014-04-10 15:10:44,238
        INFO main log.Logfactory - 上次读取时间Thu Apr 10 10:10:45 CST 2014 2014-04-10 15:10:44,238
        INFO main log.Logfactory - 读取文件  /home/dash/yunqiao/tmp/2014-04-10.stat 2014-04-10 15:10:49,240
        INFO main log.Logfactory - 上次读取时间Thu Apr 10 10:10:45 CST 2014 2014-04-10 15:10:49,240
        INFO main log.Logfactory - 读取文件  /home/dash/yunqiao/tmp/2014-04-10.stat 2014-04-10 15:10:54,242
        INFO main log.Logfactory - 上次读取时间Thu Apr 10 10:10:45 CST 2014 2014-04-10 15:10:54,242
        INFO main log.Logfactory - 读取文件  /home/dash/yunqiao/tmp/2014-04-10.stat 2014-04-10 15:10:59,244
        INFO main log.Logfactory - 上次读取时间Thu Apr 10 10:10:45 CST 2014 2014-04-10 15:10:59,244
        INFO main log.Logfactory - 读取文件  /home/dash/yunqiao/tmp/2014-04-10.stat 2014-04-10 15:11:04,246
        INFO main log.Logfactory - 上次读取时间Thu Apr 10 10:10:45 CST 2014 2014-04-10 15:11:04,247
        INFO main log.Logfactory - 读取文件  /home/dash/yunqiao/tmp/2014-04-10.stat 2014-04-10 15:11:09,248
        INFO main log.Logfactory - 上次读取时间Thu Apr 10 10:10:45 CST 2014 2014-04-10 15:11:09,249
        INFO main log.Logfactory - 读取文件  /home/dash/yunqiao/tmp/2014-04-10.stat 2014-04-10 15:11:14,251
        INFO main log.Logfactory - 上次读取时间Thu Apr 10 10:10:45 CST 2014 2014-04-10 15:11:14,252
        INFO main log.Logfactory - 读取文件  /home/dash/yunqiao/tmp/2014-04-10.stat 2014-04-10 15:11:19,253
        INFO main log.Logfactory - 上次读取时间Thu Apr 10 10:10:45 CST 2014 2014-04-10 15:11:19,254
        INFO main log.Logfactory - 读取文件  /home/dash/yunqiao/tmp/2014-04-10.stat 2014-04-10 15:11:24,255
        INFO main log.Logfactory - 上次读取时间Thu Apr 10 10:10:45 CST 2014 2014-04-10 15:11:24,256
        INFO main log.Logfactory - 2014-04-10 15:10:35@dash-Aspire-4741,none,5.58,1974428,1662028,0,0,0,0 2014-04-10 15:11:24,260
        INFO main database.StatusManage - 使用的sql语句 INSERT INTO `GlusterMonitor`.`gm_status` (`id`, `hostname`, `ipofib`, `cpuuseratio`, `memtotal`, `usedmem`, `netsendflow`, `netreceiveflow`, `ibsendflow`, `ibreceiveflow`) VALUES ('2014-04-10 15:10:35', 'dash-Aspire-4741', 'none', '5.58', '1974428', '1662028', '0', '0', '0', '0') 2014-04-10 15:11:24,280
        INFO main database.StatusManage - insert 1 entries 2014-04-10 15:11:24,323
        INFO main log.Logfactory - 读取文件  /home/dash/yunqiao/tmp/2014-04-10.stat 2014-04-10 15:11:29,324
        INFO main log.Logfactory - 上次读取时间Thu Apr 10 15:10:35 CST 2014 2014-04-10 15:11:29,324
        INFO main log.Logfactory - 2014-04-10 15:11:25@dash-Aspire-4741,none,6.11,1974428,1692600,4,4,0,0 2014-04-10 15:11:29,328
        INFO main database.StatusManage - 使用的sql语句 INSERT INTO `GlusterMonitor`.`gm_status` (`id`, `hostname`, `ipofib`, `cpuuseratio`, `memtotal`, `usedmem`, `netsendflow`, `netreceiveflow`, `ibsendflow`, `ibreceiveflow`) VALUES ('2014-04-10 15:11:25', 'dash-Aspire-4741', 'none', '6.11', '1974428', '1692600', '4', '4', '0', '0') 2014-04-10 15:11:29,365
        INFO main database.StatusManage - insert 1 entries 2014-04-10 15:11:29,402
        INFO main log.Logfactory - 读取文件  /home/dash/yunqiao/tmp/2014-04-10.stat 2014-04-10 15:11:34,402
        INFO main log.Logfactory - 上次读取时间Thu Apr 10 15:11:25 CST 2014 2014-04-10 15:11:34,403
        INFO main log.Logfactory - 2014-04-10 15:11:30@dash-Aspire-4741,none,5.14,1974428,1693476,0,2,0,0 2014-04-10 15:11:34,406
        INFO main database.StatusManage - 使用的sql语句 INSERT INTO `GlusterMonitor`.`gm_status` (`id`, `hostname`, `ipofib`, `cpuuseratio`, `memtotal`, `usedmem`, `netsendflow`, `netreceiveflow`, `ibsendflow`, `ibreceiveflow`) VALUES ('2014-04-10 15:11:30', 'dash-Aspire-4741', 'none', '5.14', '1974428', '1693476', '0', '2', '0', '0') 2014-04-10 15:11:34,436
        INFO main database.StatusManage - insert 1 entries 2014-04-10 15:11:34,517
        INFO main log.Logfactory - 读取文件  /home/dash/yunqiao/tmp/2014-04-10.stat 2014-04-10 15:11:39,518
        INFO main log.Logfactory - 上次读取时间Thu Apr 10 15:11:30 CST 2014 2014-04-10 15:11:39,518
        INFO main log.Logfactory - 2014-04-10 15:11:35@dash-Aspire-4741,none,2.66,1974428,1695188,0,0,0,0 2014-04-10 15:11:39,520
        INFO main database.StatusManage - 使用的sql语句 INSERT INTO `GlusterMonitor`.`gm_status` (`id`, `hostname`, `ipofib`, `cpuuseratio`, `memtotal`, `usedmem`, `netsendflow`, `netreceiveflow`, `ibsendflow`, `ibreceiveflow`) VALUES ('2014-04-10 15:11:35', 'dash-Aspire-4741', 'none', '2.66', '1974428', '1695188', '0', '0', '0', '0') 2014-04-10 15:11:39,543
        INFO main database.StatusManage - insert 1 entries 2014-04-10 15:11:39,573
        INFO main log.Logfactory - 读取文件  /home/dash/yunqiao/tmp/2014-04-10.stat 2014-04-10 15:11:44,574
        INFO main log.Logfactory - 上次读取时间Thu Apr 10 15:11:35 CST 2014 2014-04-10 15:11:44,575
        INFO main log.Logfactory - 2014-04-10 15:11:40@dash-Aspire-4741,none,2.90,1974428,1697060,0,0,0,0 2014-04-10 15:11:44,576
        INFO main database.StatusManage - 使用的sql语句 INSERT INTO `GlusterMonitor`.`gm_status` (`id`, `hostname`, `ipofib`, `cpuuseratio`, `memtotal`, `usedmem`, `netsendflow`, `netreceiveflow`, `ibsendflow`, `ibreceiveflow`) VALUES ('2014-04-10 15:11:40', 'dash-Aspire-4741', 'none', '2.90', '1974428', '1697060', '0', '0', '0', '0') 2014-04-10 15:11:44,598
        INFO main database.StatusManage - insert 1 entries 2014-04-10 15:11:44,645
        INFO main log.Logfactory - 读取文件  /home/dash/yunqiao/tmp/2014-04-10.stat 2014-04-10 15:11:49,645
        INFO main log.Logfactory - 上次读取时间Thu Apr 10 15:11:40 CST 2014 2014-04-10 15:11:49,646
        INFO main log.Logfactory - 2014-04-10 15:11:45@dash-Aspire-4741,none,2.75,1974428,1698748,0,0,0,0 2014-04-10 15:11:49,648
        INFO main database.StatusManage - 使用的sql语句 INSERT INTO `GlusterMonitor`.`gm_status` (`id`, `hostname`, `ipofib`, `cpuuseratio`, `memtotal`, `usedmem`, `netsendflow`, `netreceiveflow`, `ibsendflow`, `ibreceiveflow`) VALUES ('2014-04-10 15:11:45', 'dash-Aspire-4741', 'none', '2.75', '1974428', '1698748', '0', '0', '0', '0') 2014-04-10 15:11:49,683
        INFO main database.StatusManage - insert 1 entries 2014-04-10 15:11:49,722
        INFO main log.Logfactory - 读取文件  /home/dash/yunqiao/tmp/2014-04-10.stat 2014-04-10 15:11:54,722
        INFO main log.Logfactory - 上次读取时间Thu Apr 10 15:11:45 CST 2014 2014-04-10 15:11:54,723
        INFO main log.Logfactory - 2014-04-10 15:11:50@dash-Aspire-4741,none,2.94,1974428,1698004,0,0,0,0 2014-04-10 15:11:54,725
        INFO main database.StatusManage - 使用的sql语句 INSERT INTO `GlusterMonitor`.`gm_status` (`id`, `hostname`, `ipofib`, `cpuuseratio`, `memtotal`, `usedmem`, `netsendflow`, `netreceiveflow`, `ibsendflow`, `ibreceiveflow`) VALUES ('2014-04-10 15:11:50', 'dash-Aspire-4741', 'none', '2.94', '1974428', '1698004', '0', '0', '0', '0') 2014-04-10 15:11:54,756
        INFO main database.StatusManage - insert 1 entries 2014-04-10 15:11:54,815
        INFO main log.Logfactory - 读取文件  /home/dash/yunqiao/tmp/2014-04-10.stat 2014-04-10 15:11:59,816
        INFO main log.Logfactory - 上次读取时间Thu Apr 10 15:11:50 CST 2014 2014-04-10 15:11:59,816
        INFO main log.Logfactory - 2014-04-10 15:11:55@dash-Aspire-4741,none,2.75,1974428,1699160,0,0,0,0 2014-04-10 15:11:59,819
        INFO main database.StatusManage - 使用的sql语句 INSERT INTO `GlusterMonitor`.`gm_status` (`id`, `hostname`, `ipofib`, `cpuuseratio`, `memtotal`, `usedmem`, `netsendflow`, `netreceiveflow`, `ibsendflow`, `ibreceiveflow`) VALUES ('2014-04-10 15:11:55', 'dash-Aspire-4741', 'none', '2.75', '1974428', '1699160', '0', '0', '0', '0') 2014-04-10 15:11:59,858
        INFO main database.StatusManage - insert 1 entries 2014-04-10 15:11:59,904
        INFO main main.Start - 同步模式开启 2014-04-10 15:13:35,611
        INFO main log.Logfactory - 当前日期 2014-04-10 2014-04-10 15:13:35,625
        INFO main database.StatusManage - sql SELECT * FROM GlusterMonitor.gm_status where id like '2014-04-10%' and hostname = 'dash-Aspire-4741'order by(id) desc limit 0,1 2014-04-10 15:13:35,911
        INFO main log.Logfactory - 此文件在数据库最后更新时间 15:11:55.0 2014-04-10 15:13:35,929
        INFO main log.Logfactory - 读取文件  /home/dash/yunqiao/tmp/2014-04-10.stat 2014-04-10 15:13:35,930
        INFO main log.Logfactory - 上次读取时间Thu Apr 10 15:11:55 CST 2014 2014-04-10 15:13:35,936
        INFO main log.Logfactory - 2014-04-10 15:13:30@dash-Aspire-4741,none,3.50,1974428,1668132,0,2,0,0 2014-04-10 15:13:35,945
        INFO main database.StatusManage - insert 1 entries 2014-04-10 15:13:36,030
        INFO main log.Logfactory - 2014-04-10 15:13:25@dash-Aspire-4741,none,5.53,1974428,1668236,0,0,0,0 2014-04-10 15:13:36,031
        INFO main database.StatusManage - insert 1 entries 2014-04-10 15:13:36,107
        INFO main log.Logfactory - 2014-04-10 15:13:20@dash-Aspire-4741,none,7.96,1974428,1667708,0,0,0,0 2014-04-10 15:13:36,109
        INFO main database.StatusManage - insert 1 entries 2014-04-10 15:13:36,300
        INFO main log.Logfactory - 2014-04-10 15:13:15@dash-Aspire-4741,none,2.80,1974428,1666980,0,0,0,0 2014-04-10 15:13:36,302
        INFO main database.StatusManage - insert 1 entries 2014-04-10 15:13:36,440
        INFO main log.Logfactory - 2014-04-10 15:13:10@dash-Aspire-4741,none,2.19,1974428,1666848,0,0,0,0 2014-04-10 15:13:36,441
        INFO main database.StatusManage - insert 1 entries 2014-04-10 15:13:36,517
        INFO main log.Logfactory - 2014-04-10 15:13:05@dash-Aspire-4741,none,4.50,1974428,1666416,0,0,0,0 2014-04-10 15:13:36,525
        INFO main database.StatusManage - insert 1 entries 2014-04-10 15:13:36,584
        INFO main log.Logfactory - 2014-04-10 15:13:00@dash-Aspire-4741,none,6.77,1974428,1666424,0,1,0,0 2014-04-10 15:13:36,586
        INFO main database.StatusManage - insert 1 entries 2014-04-10 15:13:36,651
        INFO main log.Logfactory - 2014-04-10 15:12:55@dash-Aspire-4741,none,8.05,1974428,1663840,0,0,0,0 2014-04-10 15:13:36,653
        INFO main database.StatusManage - insert 1 entries 2014-04-10 15:13:36,707
        INFO main log.Logfactory - 2014-04-10 15:12:50@dash-Aspire-4741,none,3.42,1974428,1664068,0,0,0,0 2014-04-10 15:13:36,708
        INFO main database.StatusManage - insert 1 entries 2014-04-10 15:13:36,773
        INFO main log.Logfactory - 2014-04-10 15:12:45@dash-Aspire-4741,none,7.76,1974428,1663996,0,0,0,0 2014-04-10 15:13:36,774
        INFO main database.StatusManage - insert 1 entries 2014-04-10 15:13:36,840
        INFO main log.Logfactory - 2014-04-10 15:12:40@dash-Aspire-4741,none,7.20,1974428,1664296,0,0,0,0 2014-04-10 15:13:36,842
        INFO main database.StatusManage - insert 1 entries 2014-04-10 15:13:36,895
        INFO main log.Logfactory - 2014-04-10 15:12:35@dash-Aspire-4741,none,6.16,1974428,1664188,0,0,0,0 2014-04-10 15:13:36,896
        INFO main database.StatusManage - insert 1 entries 2014-04-10 15:13:36,995
        INFO main log.Logfactory - 2014-04-10 15:12:30@dash-Aspire-4741,none,4.80,1974428,1664204,0,2,0,0 2014-04-10 15:13:36,997
        INFO main database.StatusManage - insert 1 entries 2014-04-10 15:13:37,062
        INFO main log.Logfactory - 2014-04-10 15:12:25@dash-Aspire-4741,none,4.48,1974428,1663912,0,0,0,0 2014-04-10 15:13:37,063
        INFO main database.StatusManage - insert 1 entries 2014-04-10 15:13:37,151
        INFO main log.Logfactory - 2014-04-10 15:12:20@dash-Aspire-4741,none,6.34,1974428,1664280,0,0,0,0 2014-04-10 15:13:37,152
        INFO main database.StatusManage - insert 1 entries 2014-04-10 15:13:37,206
        INFO main log.Logfactory - 2014-04-10 15:12:15@dash-Aspire-4741,none,10.10,1974428,1664660,0,0,0,0 2014-04-10 15:13:37,207
        INFO main database.StatusManage - insert 1 entries 2014-04-10 15:13:37,251
        INFO main log.Logfactory - 2014-04-10 15:12:10@dash-Aspire-4741,none,5.16,1974428,1664528,0,0,0,0 2014-04-10 15:13:37,252
        INFO main database.StatusManage - insert 1 entries 2014-04-10 15:13:37,295
        INFO main log.Logfactory - 2014-04-10 15:12:05@dash-Aspire-4741,none,3.21,1974428,1665100,0,0,0,0 2014-04-10 15:13:37,296
        INFO main database.StatusManage - insert 1 entries 2014-04-10 15:13:37,340
        INFO main log.Logfactory - 2014-04-10 15:12:00@dash-Aspire-4741,none,3.28,1974428,1696144,0,0,0,0 2014-04-10 15:13:37,341
        INFO main database.StatusManage - insert 1 entries 2014-04-10 15:13:37,407
        INFO main log.Logfactory - 读取文件  /home/dash/yunqiao/tmp/2014-04-10.stat 2014-04-10 15:13:42,407
        INFO main log.Logfactory - 上次读取时间Thu Apr 10 15:13:30 CST 2014 2014-04-10 15:13:42,408
        INFO main log.Logfactory - 2014-04-10 15:13:35@dash-Aspire-4741,none,15.18,1974428,1697104,0,0,0,0 2014-04-10 15:13:42,411
        INFO main database.StatusManage - insert 1 entries 2014-04-10 15:13:42,472
        INFO main log.Logfactory - 读取文件  /home/dash/yunqiao/tmp/2014-04-10.stat 2014-04-10 15:13:47,473
        INFO main log.Logfactory - 上次读取时间Thu Apr 10 15:13:35 CST 2014 2014-04-10 15:13:47,474
        INFO main log.Logfactory - 2014-04-10 15:13:40@dash-Aspire-4741,none,4.54,1974428,1696568,0,0,0,0 2014-04-10 15:13:47,476
        INFO main database.StatusManage - insert 1 entries 2014-04-10 15:13:47,533
        INFO main log.Logfactory - 读取文件  /home/dash/yunqiao/tmp/2014-04-10.stat 2014-04-10 15:13:52,533
        INFO main log.Logfactory - 上次读取时间Thu Apr 10 15:13:40 CST 2014 2014-04-10 15:13:52,534
        INFO main log.Logfactory - 2014-04-10 15:13:45@dash-Aspire-4741,none,2.44,1974428,1698244,0,0,0,0 2014-04-10 15:13:52,535
        INFO main database.StatusManage - insert 1 entries 2014-04-10 15:13:52,599
        INFO main log.Logfactory - 读取文件  /home/dash/yunqiao/tmp/2014-04-10.stat 2014-04-10 15:13:57,600
        INFO main log.Logfactory - 上次读取时间Thu Apr 10 15:13:45 CST 2014 2014-04-10 15:13:57,600
        INFO main log.Logfactory - 2014-04-10 15:13:50@dash-Aspire-4741,none,2.47,1974428,1698792,0,0,0,0 2014-04-10 15:13:57,603
        INFO main database.StatusManage - insert 1 entries 2014-04-10 15:13:57,704
        INFO main log.Logfactory - 读取文件  /home/dash/yunqiao/tmp/2014-04-10.stat 2014-04-10 15:14:02,705
        INFO main log.Logfactory - 上次读取时间Thu Apr 10 15:13:50 CST 2014 2014-04-10 15:14:02,705
        INFO main log.Logfactory - 2014-04-10 15:13:55@dash-Aspire-4741,none,3.07,1974428,1700440,0,0,0,0 2014-04-10 15:14:02,708
        INFO main database.StatusManage - insert 1 entries 2014-04-10 15:14:02,768
        INFO main log.Logfactory - 读取文件  /home/dash/yunqiao/tmp/2014-04-10.stat 2014-04-10 15:14:07,769
        INFO main log.Logfactory - 上次读取时间Thu Apr 10 15:13:55 CST 2014 2014-04-10 15:14:07,769
        INFO main log.Logfactory - 2014-04-10 15:14:00@dash-Aspire-4741,none,2.75,1974428,1700444,0,0,0,0 2014-04-10 15:14:07,773
        INFO main database.StatusManage - insert 1 entries 2014-04-10 15:14:07,883
        INFO main log.Logfactory - 读取文件  /home/dash/yunqiao/tmp/2014-04-10.stat 2014-04-10 15:14:12,884
        INFO main log.Logfactory - 上次读取时间Thu Apr 10 15:14:00 CST 2014 2014-04-10 15:14:12,885
        INFO main log.Logfactory - 读取文件  /home/dash/yunqiao/tmp/2014-04-10.stat 2014-04-10 15:14:17,887
        INFO main log.Logfactory - 上次读取时间Thu Apr 10 15:14:00 CST 2014 2014-04-10 15:14:17,887
        INFO main log.Logfactory - 读取文件  /home/dash/yunqiao/tmp/2014-04-10.stat 2014-04-10 15:14:22,888
        INFO main log.Logfactory - 上次读取时间Thu Apr 10 15:14:00 CST 2014 2014-04-10 15:14:22,888
        INFO main log.Logfactory - 读取文件  /home/dash/yunqiao/tmp/2014-04-10.stat 2014-04-10 15:14:27,889
        INFO main log.Logfactory - 上次读取时间Thu Apr 10 15:14:00 CST 2014 2014-04-10 15:14:27,890
        INFO main log.Logfactory - 读取文件  /home/dash/yunqiao/tmp/2014-04-10.stat 2014-04-10 15:14:32,891
        INFO main log.Logfactory - 上次读取时间Thu Apr 10 15:14:00 CST 2014 2014-04-10 15:14:32,891
        INFO main log.Logfactory - 读取文件  /home/dash/yunqiao/tmp/2014-04-10.stat 2014-04-10 15:14:37,892
        INFO main log.Logfactory - 上次读取时间Thu Apr 10 15:14:00 CST 2014 2014-04-10 15:14:37,892
        INFO main log.Logfactory - 读取文件  /home/dash/yunqiao/tmp/2014-04-10.stat 2014-04-10 15:14:42,994
        INFO main log.Logfactory - 上次读取时间Thu Apr 10 15:14:00 CST 2014 2014-04-10 15:14:42,994
        INFO main main.Start - 同步模式开启 2014-05-06 13:31:43,060
        INFO main log.Logfactory - 当前日期 2014-05-06 2014-05-06 13:31:43,095
        INFO main database.StatusManage - sql SELECT * FROM GlusterMonitor.gm_status where id like '2014-05-06%' and hostname = 'dash-Aspire-4741'order by(id) desc limit 0,1 2014-05-06 13:31:44,104
        INFO main log.Logfactory - 此文件在数据库最后更新时间 00:00:00 2014-05-06 13:31:44,438
        INFO main log.Logfactory - 读取文件  /home/dash/yunqiao/tmp/2014-05-06.stat 2014-05-06 13:31:44,440
        INFO main log.Logfactory - 上次读取时间Tue May 06 00:00:00 CST 2014 2014-05-06 13:31:44,463
        INFO main log.Logfactory - 文件不存在，请确认脚本是否开启 2014-05-06 13:31:44,482
        INFO main log.Logfactory - 读取文件  /home/dash/yunqiao/tmp/2014-05-06.stat 2014-05-06 13:31:49,483
        INFO main log.Logfactory - 上次读取时间Tue May 06 00:00:00 CST 2014 2014-05-06 13:31:49,483
        INFO main log.Logfactory - 文件不存在，请确认脚本是否开启 2014-05-06 13:31:49,484
        INFO main log.Logfactory - 读取文件  /home/dash/yunqiao/tmp/2014-05-06.stat 2014-05-06 13:31:54,484
        INFO main log.Logfactory - 上次读取时间Tue May 06 00:00:00 CST 2014 2014-05-06 13:31:54,485
        INFO main log.Logfactory - 文件不存在，请确认脚本是否开启 2014-05-06 13:31:54,485
        